#
# A fatal error has been detected by the Java Runtime Environment:
#
#  EXCEPTION_ACCESS_VIOLATION (0xc0000005) at pc=0x00007ffac7c3dce3, pid=4224, tid=18692
#
# JRE version: OpenJDK Runtime Environment Temurin-17.0.5+8 (17.0.5+8) (build 17.0.5+8)
# Java VM: OpenJDK 64-Bit Server VM Temurin-17.0.5+8 (17.0.5+8, mixed mode, tiered, compressed oops, compressed class ptrs, parallel gc, windows-amd64)
# Problematic frame:
# V  [jvm.dll+0x1bdce3]
#
# No core dump will be written. Minidumps are not enabled by default on client versions of Windows
#
# If you would like to submit a bug report, please visit:
#   https://github.com/adoptium/adoptium-support/issues
#

---------------  S U M M A R Y ------------

Command Line: --add-modules=ALL-SYSTEM --add-opens=java.base/java.util=ALL-UNNAMED --add-opens=java.base/java.lang=ALL-UNNAMED --add-opens=java.base/sun.nio.fs=ALL-UNNAMED -Declipse.application=org.eclipse.jdt.ls.core.id1 -Dosgi.bundles.defaultStartLevel=4 -Declipse.product=org.eclipse.jdt.ls.core.product -Djava.import.generatesMetadataFilesAtProjectRoot=false -Dfile.encoding=utf8 -XX:+UseParallelGC -XX:GCTimeRatio=4 -XX:AdaptiveSizePolicyWeight=90 -Dsun.zip.disableMemoryMapping=true -Xmx1G -Xms100m -Xlog:disable -javaagent:c:\Users\Etudiant\.vscode\extensions\redhat.java-1.13.0-win32-x64\lombok\lombok-1.18.24.jar -XX:+HeapDumpOnOutOfMemoryError -XX:HeapDumpPath=c:\Users\Etudiant\AppData\Roaming\Code\User\workspaceStorage\3b64a8559da0981170425ea01904569c\redhat.java c:\Users\Etudiant\.vscode\extensions\redhat.java-1.13.0-win32-x64\server\plugins\org.eclipse.equinox.launcher_1.6.400.v20210924-0641.jar -configuration c:\Users\Etudiant\AppData\Roaming\Code\User\globalStorage\redhat.java\1.13.0\config_win -data c:\Users\Etudiant\AppData\Roaming\Code\User\workspaceStorage\3b64a8559da0981170425ea01904569c\redhat.java\jdt_ws

Host: Intel(R) Core(TM) i5-10310U CPU @ 1.70GHz, 8 cores, 15G,  Windows 10 , 64 bit Build 17763 (10.0.17763.1339)
Time: Thu Jan  5 15:45:58 2023 Paris, Madrid elapsed time: 40.964471 seconds (0d 0h 0m 40s)

---------------  T H R E A D  ---------------

Current thread (0x00000260eaa766e0):  JavaThread "C2 CompilerThread2" daemon [_thread_in_native, id=18692, stack(0x00000091ebc00000,0x00000091ebd00000)]


Current CompileTask:
C2:  40965 11195       4       org.eclipse.jdt.internal.compiler.parser.Parser::consumeRule (7834 bytes)

Stack: [0x00000091ebc00000,0x00000091ebd00000],  sp=0x00000091ebcfbcd0,  free space=1007k
Native frames: (J=compiled Java code, j=interpreted, Vv=VM code, C=native code)
V  [jvm.dll+0x1bdce3]
V  [jvm.dll+0x1baf4f]
V  [jvm.dll+0x217ca9]
V  [jvm.dll+0x216f71]
V  [jvm.dll+0x1a343d]
V  [jvm.dll+0x22698a]
V  [jvm.dll+0x224ac5]
V  [jvm.dll+0x7e727b]
V  [jvm.dll+0x7e17ea]
V  [jvm.dll+0x6759e5]
C  [ucrtbase.dll+0x21ffa]
C  [KERNEL32.DLL+0x17974]
C  [ntdll.dll+0x6a271]


siginfo: EXCEPTION_ACCESS_VIOLATION (0xc0000005), reading address 0x000002601493f1a0


Register to memory mapping:

RIP=0x00007ffac7c3dce3 jvm.dll
RAX=0x00000260f48edae0 points into unknown readable memory: 0x0000000000000000 | 00 00 00 00 00 00 00 00
RBX=0x0000000000000003 is an unknown value
RCX=0x00007ffac832d798 jvm.dll
RDX=0xffffffffc80145b0 is an unknown value
RSP=0x00000091ebcfbcd0 is pointing into the stack for thread: 0x00000260eaa766e0
RBP=0x00000260f16c0110 points into unknown readable memory: 0x00007ffac83981f0 | f0 81 39 c8 fa 7f 00 00
RSI=0x00000091ebcfc1d0 is pointing into the stack for thread: 0x00000260eaa766e0
RDI=0xffffffffffffffff is an unknown value
R8 =0x00000000ffffffff is an unallocated location in the heap
R9 =0x0 is NULL
R10=0x0000000000000008 is an unknown value
R11=0x3333333333333333 is an unknown value
R12=0x0000000000000001 is an unknown value
R13=0x0000000000000008 is an unknown value
R14=0x00000260f4919928 points into unknown readable memory: 0x00007ffac832d798 | 98 d7 32 c8 fa 7f 00 00
R15=0x00000260f4919968 points into unknown readable memory: 0xffffffff3f3fffff | ff ff 3f 3f ff ff ff ff


Registers:
RAX=0x00000260f48edae0, RBX=0x0000000000000003, RCX=0x00007ffac832d798, RDX=0xffffffffc80145b0
RSP=0x00000091ebcfbcd0, RBP=0x00000260f16c0110, RSI=0x00000091ebcfc1d0, RDI=0xffffffffffffffff
R8 =0x00000000ffffffff, R9 =0x0000000000000000, R10=0x0000000000000008, R11=0x3333333333333333
R12=0x0000000000000001, R13=0x0000000000000008, R14=0x00000260f4919928, R15=0x00000260f4919968
RIP=0x00007ffac7c3dce3, EFLAGS=0x0000000000010293

Top of Stack: (sp=0x00000091ebcfbcd0)
0x00000091ebcfbcd0:   00000260f49a97a0 00000000000003e7
0x00000091ebcfbce0:   00000260f16c0110 00000260edfb0050
0x00000091ebcfbcf0:   000003bf00000005 00007ffa00000003
0x00000091ebcfbd00:   00000260f16c0110 00000091ebcfbda0
0x00000091ebcfbd10:   0000000000000000 0000000000000000
0x00000091ebcfbd20:   0000000000046990 00000260f1009970
0x00000091ebcfbd30:   00000260f1009980 00000260e7d1c130
0x00000091ebcfbd40:   00000000000003d8 00000091ebcfbe70
0x00000091ebcfbd50:   00000260f1009d58 00000091ebcfc2b0
0x00000091ebcfbd60:   00000091ebcfc1d0 00007ffac7c3af4f
0x00000091ebcfbd70:   00000091ebcfc1d0 00000091ebcfbe00
0x00000091ebcfbd80:   00000091ebcfc200 00000260ffffffff
0x00000091ebcfbd90:   0000000000000000 0000000000000000
0x00000091ebcfbda0:   0000000000000006 00000260f1009970
0x00000091ebcfbdb0:   00000260f4975de0 00000260f49bc830
0x00000091ebcfbdc0:   00000260f49bc830 0000000000087198 

Instructions: (pc=0x00007ffac7c3dce3)
0x00007ffac7c3dbe3:   00 66 89 83 9c 00 00 00 eb 64 b8 08 00 00 00 66
0x00007ffac7c3dbf3:   44 89 ab a4 00 00 00 66 89 83 9c 00 00 00 eb 4e
0x00007ffac7c3dc03:   b8 10 00 00 00 66 44 89 ab a4 00 00 00 66 89 83
0x00007ffac7c3dc13:   9c 00 00 00 eb 38 49 8b cf e8 5f 78 50 00 81 8b
0x00007ffac7c3dc23:   a8 00 00 00 40 02 00 00 66 89 83 9c 00 00 00 66
0x00007ffac7c3dc33:   89 83 a4 00 00 00 eb 16 ba cf 03 00 00 48 8d 0d
0x00007ffac7c3dc43:   c9 ed 76 00 e8 f4 6e 08 00 e8 5f 8a 4b 00 48 8b
0x00007ffac7c3dc53:   6c 24 30 48 8b b4 24 a0 00 00 00 44 0f b6 8c 24
0x00007ffac7c3dc63:   a8 00 00 00 41 b8 ff ff ff ff 41 8b 5e 18 89 5c
0x00007ffac7c3dc73:   24 28 44 89 84 24 b8 00 00 00 45 84 c9 74 38 49
0x00007ffac7c3dc83:   8b 06 49 8b ce ff 90 b0 00 00 00 89 84 24 b8 00
0x00007ffac7c3dc93:   00 00 44 8b c0 83 f8 ff 74 14 8b d0 49 8b ce e8
0x00007ffac7c3dca3:   19 78 3d 00 44 8b c0 89 84 24 b8 00 00 00 44 0f
0x00007ffac7c3dcb3:   b6 8c 24 a8 00 00 00 44 3b e3 0f 83 1b 02 00 00
0x00007ffac7c3dcc3:   41 8b c4 4c 8d 2c c5 00 00 00 00 66 90 49 8b 46
0x00007ffac7c3dcd3:   08 4a 8b 0c 28 48 8b 86 08 01 00 00 48 63 51 28
0x00007ffac7c3dce3:   8b 1c 90 85 db 0f 84 c7 01 00 00 45 84 c9 74 11
0x00007ffac7c3dcf3:   45 3b c4 75 0c 49 8b 06 49 8b ce ff 90 e0 00 00
0x00007ffac7c3dd03:   00 80 bc 24 b0 00 00 00 00 74 13 80 be 18 01 00
0x00007ffac7c3dd13:   00 00 74 0a 45 3b 66 3c 0f 83 94 01 00 00 48 8b
0x00007ffac7c3dd23:   46 70 41 8b d4 48 69 fb b0 00 00 00 49 8b ce 48
0x00007ffac7c3dd33:   03 78 20 49 8b 06 ff 90 80 00 00 00 80 bc 24 a8
0x00007ffac7c3dd43:   00 00 00 00 4c 8b f8 75 2c 49 8b 4e 08 f2 0f 10
0x00007ffac7c3dd53:   4d 08 f2 0f 59 ce 4a 8b 14 29 48 8b 4e 48 44 8b
0x00007ffac7c3dd63:   42 28 48 8b 51 78 4a 8b 0c c2 f2 0f 10 41 08 66
0x00007ffac7c3dd73:   0f 2f c1 77 57 8b 97 90 00 00 00 8b 87 94 00 00
0x00007ffac7c3dd83:   00 3b d0 77 25 0f 1f 84 00 00 00 00 00 8b ca ff
0x00007ffac7c3dd93:   c2 49 8b 04 cf 48 21 44 cf 38 8b 87 94 00 00 00
0x00007ffac7c3dda3:   3b d0 76 e9 8b 97 90 00 00 00 41 8b 4f 58 3b d1
0x00007ffac7c3ddb3:   73 0c 8b 87 94 00 00 00 89 8f 90 00 00 00 41 8b
0x00007ffac7c3ddc3:   4f 5c 3b c1 76 06 89 8f 94 00 00 00 49 8b 46 08
0x00007ffac7c3ddd3:   4a 8b 0c 28 48 8b 01 ff 50 68 8b c8 8b d8 e8 1a 


Stack slot to memory mapping:
stack at sp + 0 slots: 0x00000260f49a97a0 points into unknown readable memory: 0x0000000000000000 | 00 00 00 00 00 00 00 00
stack at sp + 1 slots: 0x00000000000003e7 is an unknown value
stack at sp + 2 slots: 0x00000260f16c0110 points into unknown readable memory: 0x00007ffac83981f0 | f0 81 39 c8 fa 7f 00 00
stack at sp + 3 slots: 0x00000260edfb0050 points into unknown readable memory: 0x00007ffac83981f0 | f0 81 39 c8 fa 7f 00 00
stack at sp + 4 slots: 0x000003bf00000005 is an unknown value
stack at sp + 5 slots: 0x00007ffa00000003 is an unknown value
stack at sp + 6 slots: 0x00000260f16c0110 points into unknown readable memory: 0x00007ffac83981f0 | f0 81 39 c8 fa 7f 00 00
stack at sp + 7 slots: 0x00000091ebcfbda0 is pointing into the stack for thread: 0x00000260eaa766e0


---------------  P R O C E S S  ---------------

Threads class SMR info:
_java_thread_list=0x00000260f1f50fb0, length=41, elements={
0x00000260d3fcdde0, 0x00000260d407b1a0, 0x00000260d407dbe0, 0x00000260e7e312b0,
0x00000260e9728150, 0x00000260e972bb30, 0x00000260e972e240, 0x00000260e975eac0,
0x00000260e7e38fb0, 0x00000260e7e3a470, 0x00000260e9841810, 0x00000260e9adead0,
0x00000260eb047ad0, 0x00000260eb02df10, 0x00000260ebc9ce50, 0x00000260ebc9c4b0,
0x00000260ebc9a7d0, 0x00000260ebc9bb10, 0x00000260ebc9c980, 0x00000260ebc9a300,
0x00000260ebc9b170, 0x00000260ebc9aca0, 0x00000260ec992370, 0x00000260ec9901c0,
0x00000260ec9931e0, 0x00000260ec994520, 0x00000260ec992840, 0x00000260ec991500,
0x00000260ec995d30, 0x00000260ec992d10, 0x00000260ec9936b0, 0x00000260ec994ec0,
0x00000260ec9949f0, 0x00000260ec991030, 0x00000260ec996200, 0x00000260ec9966d0,
0x00000260ee9c1970, 0x00000260ee9bdae0, 0x00000260ee9c1e40, 0x00000260eaa77100,
0x00000260eaa766e0
}

Java Threads: ( => current thread )
  0x00000260d3fcdde0 JavaThread "main" [_thread_blocked, id=20396, stack(0x00000091ea100000,0x00000091ea200000)]
  0x00000260d407b1a0 JavaThread "Reference Handler" daemon [_thread_blocked, id=20632, stack(0x00000091ea400000,0x00000091ea500000)]
  0x00000260d407dbe0 JavaThread "Finalizer" daemon [_thread_blocked, id=8956, stack(0x00000091ea500000,0x00000091ea600000)]
  0x00000260e7e312b0 JavaThread "Signal Dispatcher" daemon [_thread_blocked, id=1960, stack(0x00000091ea600000,0x00000091ea700000)]
  0x00000260e9728150 JavaThread "Attach Listener" daemon [_thread_blocked, id=10760, stack(0x00000091ea700000,0x00000091ea800000)]
  0x00000260e972bb30 JavaThread "Service Thread" daemon [_thread_blocked, id=10400, stack(0x00000091ea800000,0x00000091ea900000)]
  0x00000260e972e240 JavaThread "Monitor Deflation Thread" daemon [_thread_blocked, id=11300, stack(0x00000091ea900000,0x00000091eaa00000)]
  0x00000260e975eac0 JavaThread "C2 CompilerThread0" daemon [_thread_in_native, id=19988, stack(0x00000091eaa00000,0x00000091eab00000)]
  0x00000260e7e38fb0 JavaThread "C1 CompilerThread0" daemon [_thread_blocked, id=20376, stack(0x00000091eab00000,0x00000091eac00000)]
  0x00000260e7e3a470 JavaThread "Sweeper thread" daemon [_thread_blocked, id=16192, stack(0x00000091eac00000,0x00000091ead00000)]
  0x00000260e9841810 JavaThread "Common-Cleaner" daemon [_thread_blocked, id=3364, stack(0x00000091ead00000,0x00000091eae00000)]
  0x00000260e9adead0 JavaThread "Notification Thread" daemon [_thread_blocked, id=3652, stack(0x00000091eaf00000,0x00000091eb000000)]
  0x00000260eb047ad0 JavaThread "Active Thread: Equinox Container: 64800433-9bf2-4e2e-8f5c-a2e7ee754983" [_thread_blocked, id=8404, stack(0x00000091ebd00000,0x00000091ebe00000)]
  0x00000260eb02df10 JavaThread "Framework Event Dispatcher: Equinox Container: 64800433-9bf2-4e2e-8f5c-a2e7ee754983" daemon [_thread_blocked, id=19100, stack(0x00000091eae00000,0x00000091eaf00000)]
  0x00000260ebc9ce50 JavaThread "Start Level: Equinox Container: 64800433-9bf2-4e2e-8f5c-a2e7ee754983" daemon [_thread_blocked, id=13992, stack(0x00000091ebe00000,0x00000091ebf00000)]
  0x00000260ebc9c4b0 JavaThread "Refresh Thread: Equinox Container: 64800433-9bf2-4e2e-8f5c-a2e7ee754983" daemon [_thread_blocked, id=20128, stack(0x00000091ec100000,0x00000091ec200000)]
  0x00000260ebc9a7d0 JavaThread "SCR Component Actor" daemon [_thread_blocked, id=12272, stack(0x00000091ec500000,0x00000091ec600000)]
  0x00000260ebc9bb10 JavaThread "Worker-JM" [_thread_blocked, id=21612, stack(0x00000091ec600000,0x00000091ec700000)]
  0x00000260ebc9c980 JavaThread "Worker-0" [_thread_blocked, id=17136, stack(0x00000091ec700000,0x00000091ec800000)]
  0x00000260ebc9a300 JavaThread "Worker-1" [_thread_blocked, id=2036, stack(0x00000091ec800000,0x00000091ec900000)]
  0x00000260ebc9b170 JavaThread "Bundle File Closer" daemon [_thread_blocked, id=9736, stack(0x00000091ebf00000,0x00000091ec000000)]
  0x00000260ebc9aca0 JavaThread "Worker-2" [_thread_blocked, id=17552, stack(0x00000091eca00000,0x00000091ecb00000)]
  0x00000260ec992370 JavaThread "Java indexing" daemon [_thread_blocked, id=18448, stack(0x00000091ecb00000,0x00000091ecc00000)]
  0x00000260ec9901c0 JavaThread "JNA Cleaner" daemon [_thread_blocked, id=11576, stack(0x00000091ecc00000,0x00000091ecd00000)]
  0x00000260ec9931e0 JavaThread "pool-2-thread-1" [_thread_blocked, id=3276, stack(0x00000091ecd00000,0x00000091ece00000)]
  0x00000260ec994520 JavaThread "Worker-3" [_thread_blocked, id=20784, stack(0x00000091ece00000,0x00000091ecf00000)]
  0x00000260ec992840 JavaThread "pool-1-thread-1" [_thread_in_native, id=6868, stack(0x00000091ecf00000,0x00000091ed000000)]
  0x00000260ec991500 JavaThread "Worker-4" [_thread_blocked, id=14052, stack(0x00000091ed100000,0x00000091ed200000)]
  0x00000260ec995d30 JavaThread "OkHttp repo.maven.apache.org" [_thread_in_native, id=1092, stack(0x00000091ed300000,0x00000091ed400000)]
  0x00000260ec992d10 JavaThread "OkHttp ConnectionPool" daemon [_thread_blocked, id=21684, stack(0x00000091ed400000,0x00000091ed500000)]
  0x00000260ec9936b0 JavaThread "Okio Watchdog" daemon [_thread_blocked, id=17956, stack(0x00000091ed500000,0x00000091ed600000)]
  0x00000260ec994ec0 JavaThread "OkHttp repo.maven.apache.org Writer" [_thread_blocked, id=17032, stack(0x00000091ed600000,0x00000091ed700000)]
  0x00000260ec9949f0 JavaThread "OkHttp Http2Connection" daemon [_thread_blocked, id=17388, stack(0x00000091ed700000,0x00000091ed800000)]
  0x00000260ec991030 JavaThread "OkHttp repo.maven.apache.org" [_thread_in_native, id=10888, stack(0x00000091ed800000,0x00000091ed900000)]
  0x00000260ec996200 JavaThread "OkHttp ConnectionPool" daemon [_thread_blocked, id=5032, stack(0x00000091ed900000,0x00000091eda00000)]
  0x00000260ec9966d0 JavaThread "OkHttp repo.maven.apache.org Writer" [_thread_blocked, id=19752, stack(0x00000091eda00000,0x00000091edb00000)]
  0x00000260ee9c1970 JavaThread "ForkJoinPool.commonPool-worker-1" daemon [_thread_blocked, id=11936, stack(0x00000091ed200000,0x00000091ed300000)]
  0x00000260ee9bdae0 JavaThread "ForkJoinPool.commonPool-worker-2" daemon [_thread_blocked, id=15508, stack(0x00000091eb800000,0x00000091eb900000)]
  0x00000260ee9c1e40 JavaThread "ForkJoinPool.commonPool-worker-3" daemon [_thread_blocked, id=12968, stack(0x00000091eb900000,0x00000091eba00000)]
  0x00000260eaa77100 JavaThread "C2 CompilerThread1" daemon [_thread_blocked, id=12588, stack(0x00000091ebb00000,0x00000091ebc00000)]
=>0x00000260eaa766e0 JavaThread "C2 CompilerThread2" daemon [_thread_in_native, id=18692, stack(0x00000091ebc00000,0x00000091ebd00000)]

Other Threads:
  0x00000260e97224c0 VMThread "VM Thread" [stack: 0x00000091ea300000,0x00000091ea400000] [id=11408]
  0x00000260e9a778c0 WatcherThread [stack: 0x00000091eb000000,0x00000091eb100000] [id=7504]
  0x00000260d3fe12b0 GCTaskThread "GC Thread#0" [stack: 0x00000091ea200000,0x00000091ea300000] [id=19612]
  0x00000260eaf27540 GCTaskThread "GC Thread#1" [stack: 0x00000091eb100000,0x00000091eb200000] [id=13208]
  0x00000260eafd4450 GCTaskThread "GC Thread#2" [stack: 0x00000091eb200000,0x00000091eb300000] [id=13848]
  0x00000260eafd4700 GCTaskThread "GC Thread#3" [stack: 0x00000091eb300000,0x00000091eb400000] [id=2964]
  0x00000260eaf72030 GCTaskThread "GC Thread#4" [stack: 0x00000091eb400000,0x00000091eb500000] [id=19624]
  0x00000260eaf722e0 GCTaskThread "GC Thread#5" [stack: 0x00000091eb500000,0x00000091eb600000] [id=4552]
  0x00000260eaf72590 GCTaskThread "GC Thread#6" [stack: 0x00000091eb600000,0x00000091eb700000] [id=3980]
  0x00000260ebc9ff40 GCTaskThread "GC Thread#7" [stack: 0x00000091ec000000,0x00000091ec100000] [id=21832]

Threads with active compile tasks:
C2 CompilerThread0    41196 11053       4       org.eclipse.jdt.internal.compiler.lookup.BinaryTypeBinding::createMethod (1719 bytes)
C2 CompilerThread2    41196 11195       4       org.eclipse.jdt.internal.compiler.parser.Parser::consumeRule (7834 bytes)

VM state: not at safepoint (normal execution)

VM Mutex/Monitor currently owned by a thread: None

Heap address: 0x00000000c0000000, size: 1024 MB, Compressed Oops mode: 32-bit

CDS archive(s) not mapped
Compressed class space mapped at: 0x0000000100000000-0x0000000140000000, reserved size: 1073741824
Narrow klass base: 0x0000000000000000, Narrow klass shift: 3, Narrow klass range: 0x140000000

GC Precious Log:
 CPUs: 8 total, 8 available
 Memory: 15980M
 Large Page Support: Disabled
 NUMA Support: Disabled
 Compressed Oops: Enabled (32-bit)
 Alignments: Space 512K, Generation 512K, Heap 2M
 Heap Min Capacity: 100M
 Heap Initial Capacity: 100M
 Heap Max Capacity: 1G
 Pre-touch: Disabled
 Parallel Workers: 8

Heap:
 PSYoungGen      total 8192K, used 6443K [0x00000000eab00000, 0x00000000eb880000, 0x0000000100000000)
  eden space 4096K, 59% used [0x00000000eab00000,0x00000000ead5e538,0x00000000eaf00000)
  from space 4096K, 98% used [0x00000000eb480000,0x00000000eb86c7c0,0x00000000eb880000)
  to   space 4608K, 0% used [0x00000000eaf80000,0x00000000eaf80000,0x00000000eb400000)
 ParOldGen       total 339456K, used 329030K [0x00000000c0000000, 0x00000000d4b80000, 0x00000000eab00000)
  object space 339456K, 96% used [0x00000000c0000000,0x00000000d4151a38,0x00000000d4b80000)
 Metaspace       used 70200K, committed 71296K, reserved 1114112K
  class space    used 7416K, committed 7872K, reserved 1048576K

Card table byte_map: [0x00000260d3960000,0x00000260d3b70000] _byte_map_base: 0x00000260d3360000

Marking Bits: (ParMarkBitMap*) 0x00007ffac8600dd0
 Begin Bits: [0x00000260e5c40000, 0x00000260e6c40000)
 End Bits:   [0x00000260e6c40000, 0x00000260e7c40000)

Polling page: 0x00000260d1e50000

Metaspace:

Usage:
  Non-class:     61.31 MB used.
      Class:      7.24 MB used.
       Both:     68.56 MB used.

Virtual space:
  Non-class space:       64.00 MB reserved,      61.94 MB ( 97%) committed,  8 nodes.
      Class space:        1.00 GB reserved,       7.69 MB ( <1%) committed,  1 nodes.
             Both:        1.06 GB reserved,      69.63 MB (  6%) committed. 

Chunk freelists:
   Non-Class:  1.91 MB
       Class:  132.00 KB
        Both:  2.04 MB

MaxMetaspaceSize: unlimited
CompressedClassSpaceSize: 1.00 GB
Initial GC threshold: 21.00 MB
Current GC threshold: 114.50 MB
CDS: off
MetaspaceReclaimPolicy: balanced
 - commit_granule_bytes: 65536.
 - commit_granule_words: 8192.
 - virtual_space_node_default_size: 1048576.
 - enlarge_chunks_in_place: 1.
 - new_chunks_are_fully_committed: 0.
 - uncommit_free_chunks: 1.
 - use_allocation_guard: 0.
 - handle_deallocations: 1.


Internal statistics:

num_allocs_failed_limit: 6.
num_arena_births: 696.
num_arena_deaths: 14.
num_vsnodes_births: 9.
num_vsnodes_deaths: 0.
num_space_committed: 1114.
num_space_uncommitted: 0.
num_chunks_returned_to_freelist: 20.
num_chunks_taken_from_freelist: 3297.
num_chunk_merges: 10.
num_chunk_splits: 2101.
num_chunks_enlarged: 1290.
num_purges: 2.
num_inconsistent_stats: 0.

CodeHeap 'non-profiled nmethods': size=120000Kb used=6783Kb max_used=7676Kb free=113216Kb
 bounds [0x00000260de710000, 0x00000260deea0000, 0x00000260e5c40000]
CodeHeap 'profiled nmethods': size=120000Kb used=18603Kb max_used=18882Kb free=101397Kb
 bounds [0x00000260d71e0000, 0x00000260d8480000, 0x00000260de710000]
CodeHeap 'non-nmethods': size=5760Kb used=1380Kb max_used=1523Kb free=4379Kb
 bounds [0x00000260d6c40000, 0x00000260d6eb0000, 0x00000260d71e0000]
 total_blobs=9795 nmethods=9069 adapters=638
 compilation: enabled
              stopped_count=0, restarted_count=0
 full_count=0

Compilation events (20 events):
Event: 40.869 Thread 0x00000260e7e38fb0 11280       3       org.eclipse.jdt.internal.compiler.parser.Scanner$Goal::hasBeenReached (95 bytes)
Event: 40.869 Thread 0x00000260e7e38fb0 nmethod 11280 0x00000260d8290610 code [0x00000260d82907e0, 0x00000260d8290c18]
Event: 40.869 Thread 0x00000260e7e38fb0 11282       3       java.net.URI::equal (19 bytes)
Event: 40.870 Thread 0x00000260e7e38fb0 nmethod 11282 0x00000260d7d19790 code [0x00000260d7d19940, 0x00000260d7d19ac8]
Event: 40.870 Thread 0x00000260e7e38fb0 11281       3       org.eclipse.jdt.internal.core.util.CommentRecorderParser::resetModifiers (17 bytes)
Event: 40.870 Thread 0x00000260e7e38fb0 nmethod 11281 0x00000260d82baf10 code [0x00000260d82bb0c0, 0x00000260d82bb2c8]
Event: 40.870 Thread 0x00000260e7e38fb0 11278       1       lombok.core.configuration.ConfigurationKey::getType (5 bytes)
Event: 40.870 Thread 0x00000260e7e38fb0 nmethod 11278 0x00000260de98dd90 code [0x00000260de98df20, 0x00000260de98dff8]
Event: 40.870 Thread 0x00000260e7e38fb0 11279       1       lombok.core.configuration.ConfigurationDataType::isList (5 bytes)
Event: 40.870 Thread 0x00000260e7e38fb0 nmethod 11279 0x00000260de98da90 code [0x00000260de98dc20, 0x00000260de98dcf8]
Event: 40.871 Thread 0x00000260e7e38fb0 11283       3       org.eclipse.jdt.internal.compiler.parser.Parser::checkAndSetModifiers (147 bytes)
Event: 40.872 Thread 0x00000260e7e38fb0 nmethod 11283 0x00000260d7e84210 code [0x00000260d7e84400, 0x00000260d7e84b08]
Event: 40.874 Thread 0x00000260e7e38fb0 11285       2       org.eclipse.jdt.internal.core.search.indexing.AbstractIndexer::addMethodDeclaration (98 bytes)
Event: 40.875 Thread 0x00000260e7e38fb0 nmethod 11285 0x00000260d81f8610 code [0x00000260d81f8800, 0x00000260d81f8cb8]
Event: 40.885 Thread 0x00000260eaa766e0 nmethod 11196 0x00000260deaccd90 code [0x00000260deacd560, 0x00000260deacf8c0]
Event: 40.885 Thread 0x00000260eaa766e0 11269 %     4       java.util.TimSort::binarySort @ 69 (223 bytes)
Event: 40.897 Thread 0x00000260eaa766e0 nmethod 11269% 0x00000260de98c910 code [0x00000260de98cac0, 0x00000260de98d698]
Event: 40.898 Thread 0x00000260eaa766e0 11202       4       java.util.concurrent.ConcurrentHashMap::get (162 bytes)
Event: 40.902 Thread 0x00000260eaa766e0 nmethod 11202 0x00000260dec86490 code [0x00000260dec86640, 0x00000260dec86988]
Event: 40.902 Thread 0x00000260eaa766e0 11195       4       org.eclipse.jdt.internal.compiler.parser.Parser::consumeRule (7834 bytes)

GC Heap History (20 events):
Event: 40.411 GC heap before
{Heap before GC invocations=630 (full 21):
 PSYoungGen      total 6144K, used 5856K [0x00000000eab00000, 0x00000000eb280000, 0x0000000100000000)
  eden space 4608K, 100% used [0x00000000eab00000,0x00000000eaf80000,0x00000000eaf80000)
  from space 1536K, 81% used [0x00000000eb100000,0x00000000eb238000,0x00000000eb280000)
  to   space 1536K, 0% used [0x00000000eaf80000,0x00000000eaf80000,0x00000000eb100000)
 ParOldGen       total 339456K, used 324990K [0x00000000c0000000, 0x00000000d4b80000, 0x00000000eab00000)
  object space 339456K, 95% used [0x00000000c0000000,0x00000000d3d5fa28,0x00000000d4b80000)
 Metaspace       used 69841K, committed 70976K, reserved 1114112K
  class space    used 7402K, committed 7808K, reserved 1048576K
}
Event: 40.413 GC heap after
{Heap after GC invocations=630 (full 21):
 PSYoungGen      total 6144K, used 1536K [0x00000000eab00000, 0x00000000eb400000, 0x0000000100000000)
  eden space 4608K, 0% used [0x00000000eab00000,0x00000000eab00000,0x00000000eaf80000)
  from space 1536K, 100% used [0x00000000eaf80000,0x00000000eb100000,0x00000000eb100000)
  to   space 2048K, 0% used [0x00000000eb200000,0x00000000eb200000,0x00000000eb400000)
 ParOldGen       total 339456K, used 324990K [0x00000000c0000000, 0x00000000d4b80000, 0x00000000eab00000)
  object space 339456K, 95% used [0x00000000c0000000,0x00000000d3d5fa28,0x00000000d4b80000)
 Metaspace       used 69841K, committed 70976K, reserved 1114112K
  class space    used 7402K, committed 7808K, reserved 1048576K
}
Event: 40.430 GC heap before
{Heap before GC invocations=631 (full 21):
 PSYoungGen      total 6144K, used 6144K [0x00000000eab00000, 0x00000000eb400000, 0x0000000100000000)
  eden space 4608K, 100% used [0x00000000eab00000,0x00000000eaf80000,0x00000000eaf80000)
  from space 1536K, 100% used [0x00000000eaf80000,0x00000000eb100000,0x00000000eb100000)
  to   space 2048K, 0% used [0x00000000eb200000,0x00000000eb200000,0x00000000eb400000)
 ParOldGen       total 339456K, used 324990K [0x00000000c0000000, 0x00000000d4b80000, 0x00000000eab00000)
  object space 339456K, 95% used [0x00000000c0000000,0x00000000d3d5fa28,0x00000000d4b80000)
 Metaspace       used 69848K, committed 70976K, reserved 1114112K
  class space    used 7402K, committed 7808K, reserved 1048576K
}
Event: 40.432 GC heap after
{Heap after GC invocations=631 (full 21):
 PSYoungGen      total 7168K, used 1792K [0x00000000eab00000, 0x00000000eb400000, 0x0000000100000000)
  eden space 5120K, 0% used [0x00000000eab00000,0x00000000eab00000,0x00000000eb000000)
  from space 2048K, 87% used [0x00000000eb200000,0x00000000eb3c0000,0x00000000eb400000)
  to   space 2048K, 0% used [0x00000000eb000000,0x00000000eb000000,0x00000000eb200000)
 ParOldGen       total 339456K, used 324990K [0x00000000c0000000, 0x00000000d4b80000, 0x00000000eab00000)
  object space 339456K, 95% used [0x00000000c0000000,0x00000000d3d5fa28,0x00000000d4b80000)
 Metaspace       used 69848K, committed 70976K, reserved 1114112K
  class space    used 7402K, committed 7808K, reserved 1048576K
}
Event: 40.446 GC heap before
{Heap before GC invocations=632 (full 21):
 PSYoungGen      total 7168K, used 6912K [0x00000000eab00000, 0x00000000eb400000, 0x0000000100000000)
  eden space 5120K, 100% used [0x00000000eab00000,0x00000000eb000000,0x00000000eb000000)
  from space 2048K, 87% used [0x00000000eb200000,0x00000000eb3c0000,0x00000000eb400000)
  to   space 2048K, 0% used [0x00000000eb000000,0x00000000eb000000,0x00000000eb200000)
 ParOldGen       total 339456K, used 324990K [0x00000000c0000000, 0x00000000d4b80000, 0x00000000eab00000)
  object space 339456K, 95% used [0x00000000c0000000,0x00000000d3d5fa28,0x00000000d4b80000)
 Metaspace       used 69852K, committed 70976K, reserved 1114112K
  class space    used 7402K, committed 7808K, reserved 1048576K
}
Event: 40.448 GC heap after
{Heap after GC invocations=632 (full 21):
 PSYoungGen      total 7168K, used 2032K [0x00000000eab00000, 0x00000000eb580000, 0x0000000100000000)
  eden space 5120K, 0% used [0x00000000eab00000,0x00000000eab00000,0x00000000eb000000)
  from space 2048K, 99% used [0x00000000eb000000,0x00000000eb1fc0c8,0x00000000eb200000)
  to   space 2560K, 0% used [0x00000000eb300000,0x00000000eb300000,0x00000000eb580000)
 ParOldGen       total 339456K, used 325206K [0x00000000c0000000, 0x00000000d4b80000, 0x00000000eab00000)
  object space 339456K, 95% used [0x00000000c0000000,0x00000000d3d95a28,0x00000000d4b80000)
 Metaspace       used 69852K, committed 70976K, reserved 1114112K
  class space    used 7402K, committed 7808K, reserved 1048576K
}
Event: 40.480 GC heap before
{Heap before GC invocations=633 (full 21):
 PSYoungGen      total 7168K, used 7152K [0x00000000eab00000, 0x00000000eb580000, 0x0000000100000000)
  eden space 5120K, 100% used [0x00000000eab00000,0x00000000eb000000,0x00000000eb000000)
  from space 2048K, 99% used [0x00000000eb000000,0x00000000eb1fc0c8,0x00000000eb200000)
  to   space 2560K, 0% used [0x00000000eb300000,0x00000000eb300000,0x00000000eb580000)
 ParOldGen       total 339456K, used 325206K [0x00000000c0000000, 0x00000000d4b80000, 0x00000000eab00000)
  object space 339456K, 95% used [0x00000000c0000000,0x00000000d3d95a28,0x00000000d4b80000)
 Metaspace       used 69937K, committed 70976K, reserved 1114112K
  class space    used 7412K, committed 7808K, reserved 1048576K
}
Event: 40.482 GC heap after
{Heap after GC invocations=633 (full 21):
 PSYoungGen      total 6656K, used 2545K [0x00000000eab00000, 0x00000000eb880000, 0x0000000100000000)
  eden space 4096K, 0% used [0x00000000eab00000,0x00000000eab00000,0x00000000eaf00000)
  from space 2560K, 99% used [0x00000000eb300000,0x00000000eb57c5e8,0x00000000eb580000)
  to   space 4096K, 0% used [0x00000000eaf00000,0x00000000eaf00000,0x00000000eb300000)
 ParOldGen       total 339456K, used 326070K [0x00000000c0000000, 0x00000000d4b80000, 0x00000000eab00000)
  object space 339456K, 96% used [0x00000000c0000000,0x00000000d3e6da28,0x00000000d4b80000)
 Metaspace       used 69937K, committed 70976K, reserved 1114112K
  class space    used 7412K, committed 7808K, reserved 1048576K
}
Event: 40.559 GC heap before
{Heap before GC invocations=634 (full 21):
 PSYoungGen      total 6656K, used 6641K [0x00000000eab00000, 0x00000000eb880000, 0x0000000100000000)
  eden space 4096K, 100% used [0x00000000eab00000,0x00000000eaf00000,0x00000000eaf00000)
  from space 2560K, 99% used [0x00000000eb300000,0x00000000eb57c5e8,0x00000000eb580000)
  to   space 4096K, 0% used [0x00000000eaf00000,0x00000000eaf00000,0x00000000eb300000)
 ParOldGen       total 339456K, used 326070K [0x00000000c0000000, 0x00000000d4b80000, 0x00000000eab00000)
  object space 339456K, 96% used [0x00000000c0000000,0x00000000d3e6da28,0x00000000d4b80000)
 Metaspace       used 69944K, committed 71040K, reserved 1114112K
  class space    used 7412K, committed 7808K, reserved 1048576K
}
Event: 40.564 GC heap after
{Heap after GC invocations=634 (full 21):
 PSYoungGen      total 8192K, used 3473K [0x00000000eab00000, 0x00000000eb680000, 0x0000000100000000)
  eden space 4096K, 0% used [0x00000000eab00000,0x00000000eab00000,0x00000000eaf00000)
  from space 4096K, 84% used [0x00000000eaf00000,0x00000000eb2645e8,0x00000000eb300000)
  to   space 3584K, 0% used [0x00000000eb300000,0x00000000eb300000,0x00000000eb680000)
 ParOldGen       total 339456K, used 326494K [0x00000000c0000000, 0x00000000d4b80000, 0x00000000eab00000)
  object space 339456K, 96% used [0x00000000c0000000,0x00000000d3ed7a28,0x00000000d4b80000)
 Metaspace       used 69944K, committed 71040K, reserved 1114112K
  class space    used 7412K, committed 7808K, reserved 1048576K
}
Event: 40.607 GC heap before
{Heap before GC invocations=635 (full 21):
 PSYoungGen      total 8192K, used 7569K [0x00000000eab00000, 0x00000000eb680000, 0x0000000100000000)
  eden space 4096K, 100% used [0x00000000eab00000,0x00000000eaf00000,0x00000000eaf00000)
  from space 4096K, 84% used [0x00000000eaf00000,0x00000000eb2645e8,0x00000000eb300000)
  to   space 3584K, 0% used [0x00000000eb300000,0x00000000eb300000,0x00000000eb680000)
 ParOldGen       total 339456K, used 326494K [0x00000000c0000000, 0x00000000d4b80000, 0x00000000eab00000)
  object space 339456K, 96% used [0x00000000c0000000,0x00000000d3ed7a28,0x00000000d4b80000)
 Metaspace       used 69949K, committed 71104K, reserved 1114112K
  class space    used 7414K, committed 7872K, reserved 1048576K
}
Event: 40.609 GC heap after
{Heap after GC invocations=635 (full 21):
 PSYoungGen      total 7168K, used 3562K [0x00000000eab00000, 0x00000000eb880000, 0x0000000100000000)
  eden space 3584K, 0% used [0x00000000eab00000,0x00000000eab00000,0x00000000eae80000)
  from space 3584K, 99% used [0x00000000eb300000,0x00000000eb67aa18,0x00000000eb680000)
  to   space 4608K, 0% used [0x00000000eae80000,0x00000000eae80000,0x00000000eb300000)
 ParOldGen       total 339456K, used 327030K [0x00000000c0000000, 0x00000000d4b80000, 0x00000000eab00000)
  object space 339456K, 96% used [0x00000000c0000000,0x00000000d3f5da28,0x00000000d4b80000)
 Metaspace       used 69949K, committed 71104K, reserved 1114112K
  class space    used 7414K, committed 7872K, reserved 1048576K
}
Event: 40.632 GC heap before
{Heap before GC invocations=636 (full 21):
 PSYoungGen      total 7168K, used 7146K [0x00000000eab00000, 0x00000000eb880000, 0x0000000100000000)
  eden space 3584K, 100% used [0x00000000eab00000,0x00000000eae80000,0x00000000eae80000)
  from space 3584K, 99% used [0x00000000eb300000,0x00000000eb67aa18,0x00000000eb680000)
  to   space 4608K, 0% used [0x00000000eae80000,0x00000000eae80000,0x00000000eb300000)
 ParOldGen       total 339456K, used 327030K [0x00000000c0000000, 0x00000000d4b80000, 0x00000000eab00000)
  object space 339456K, 96% used [0x00000000c0000000,0x00000000d3f5da28,0x00000000d4b80000)
 Metaspace       used 69972K, committed 71104K, reserved 1114112K
  class space    used 7415K, committed 7872K, reserved 1048576K
}
Event: 40.635 GC heap after
{Heap after GC invocations=636 (full 21):
 PSYoungGen      total 8192K, used 3505K [0x00000000eab00000, 0x00000000eb700000, 0x0000000100000000)
  eden space 3584K, 0% used [0x00000000eab00000,0x00000000eab00000,0x00000000eae80000)
  from space 4608K, 76% used [0x00000000eae80000,0x00000000eb1ec5e8,0x00000000eb300000)
  to   space 4096K, 0% used [0x00000000eb300000,0x00000000eb300000,0x00000000eb700000)
 ParOldGen       total 339456K, used 327566K [0x00000000c0000000, 0x00000000d4b80000, 0x00000000eab00000)
  object space 339456K, 96% used [0x00000000c0000000,0x00000000d3fe3a38,0x00000000d4b80000)
 Metaspace       used 69972K, committed 71104K, reserved 1114112K
  class space    used 7415K, committed 7872K, reserved 1048576K
}
Event: 40.683 GC heap before
{Heap before GC invocations=637 (full 21):
 PSYoungGen      total 8192K, used 7089K [0x00000000eab00000, 0x00000000eb700000, 0x0000000100000000)
  eden space 3584K, 100% used [0x00000000eab00000,0x00000000eae80000,0x00000000eae80000)
  from space 4608K, 76% used [0x00000000eae80000,0x00000000eb1ec5e8,0x00000000eb300000)
  to   space 4096K, 0% used [0x00000000eb300000,0x00000000eb300000,0x00000000eb700000)
 ParOldGen       total 339456K, used 327566K [0x00000000c0000000, 0x00000000d4b80000, 0x00000000eab00000)
  object space 339456K, 96% used [0x00000000c0000000,0x00000000d3fe3a38,0x00000000d4b80000)
 Metaspace       used 70115K, committed 71232K, reserved 1114112K
  class space    used 7416K, committed 7872K, reserved 1048576K
}
Event: 40.685 GC heap after
{Heap after GC invocations=637 (full 21):
 PSYoungGen      total 7680K, used 4081K [0x00000000eab00000, 0x00000000eb800000, 0x0000000100000000)
  eden space 3584K, 0% used [0x00000000eab00000,0x00000000eab00000,0x00000000eae80000)
  from space 4096K, 99% used [0x00000000eb300000,0x00000000eb6fc5e8,0x00000000eb700000)
  to   space 4608K, 0% used [0x00000000eae80000,0x00000000eae80000,0x00000000eb300000)
 ParOldGen       total 339456K, used 327566K [0x00000000c0000000, 0x00000000d4b80000, 0x00000000eab00000)
  object space 339456K, 96% used [0x00000000c0000000,0x00000000d3fe3a38,0x00000000d4b80000)
 Metaspace       used 70115K, committed 71232K, reserved 1114112K
  class space    used 7416K, committed 7872K, reserved 1048576K
}
Event: 40.724 GC heap before
{Heap before GC invocations=638 (full 21):
 PSYoungGen      total 7680K, used 7665K [0x00000000eab00000, 0x00000000eb800000, 0x0000000100000000)
  eden space 3584K, 100% used [0x00000000eab00000,0x00000000eae80000,0x00000000eae80000)
  from space 4096K, 99% used [0x00000000eb300000,0x00000000eb6fc5e8,0x00000000eb700000)
  to   space 4608K, 0% used [0x00000000eae80000,0x00000000eae80000,0x00000000eb300000)
 ParOldGen       total 339456K, used 327566K [0x00000000c0000000, 0x00000000d4b80000, 0x00000000eab00000)
  object space 339456K, 96% used [0x00000000c0000000,0x00000000d3fe3a38,0x00000000d4b80000)
 Metaspace       used 70172K, committed 71296K, reserved 1114112K
  class space    used 7416K, committed 7872K, reserved 1048576K
}
Event: 40.727 GC heap after
{Heap after GC invocations=638 (full 21):
 PSYoungGen      total 8192K, used 4579K [0x00000000eab00000, 0x00000000eba00000, 0x0000000100000000)
  eden space 3584K, 0% used [0x00000000eab00000,0x00000000eab00000,0x00000000eae80000)
  from space 4608K, 99% used [0x00000000eae80000,0x00000000eb2f8cd0,0x00000000eb300000)
  to   space 5632K, 0% used [0x00000000eb480000,0x00000000eb480000,0x00000000eba00000)
 ParOldGen       total 339456K, used 328110K [0x00000000c0000000, 0x00000000d4b80000, 0x00000000eab00000)
  object space 339456K, 96% used [0x00000000c0000000,0x00000000d406ba38,0x00000000d4b80000)
 Metaspace       used 70172K, committed 71296K, reserved 1114112K
  class space    used 7416K, committed 7872K, reserved 1048576K
}
Event: 40.739 GC heap before
{Heap before GC invocations=639 (full 21):
 PSYoungGen      total 8192K, used 8163K [0x00000000eab00000, 0x00000000eba00000, 0x0000000100000000)
  eden space 3584K, 100% used [0x00000000eab00000,0x00000000eae80000,0x00000000eae80000)
  from space 4608K, 99% used [0x00000000eae80000,0x00000000eb2f8cd0,0x00000000eb300000)
  to   space 5632K, 0% used [0x00000000eb480000,0x00000000eb480000,0x00000000eba00000)
 ParOldGen       total 339456K, used 328110K [0x00000000c0000000, 0x00000000d4b80000, 0x00000000eab00000)
  object space 339456K, 96% used [0x00000000c0000000,0x00000000d406ba38,0x00000000d4b80000)
 Metaspace       used 70179K, committed 71296K, reserved 1114112K
  class space    used 7416K, committed 7872K, reserved 1048576K
}
Event: 40.744 GC heap after
{Heap after GC invocations=639 (full 21):
 PSYoungGen      total 8192K, used 4017K [0x00000000eab00000, 0x00000000eb880000, 0x0000000100000000)
  eden space 4096K, 0% used [0x00000000eab00000,0x00000000eab00000,0x00000000eaf00000)
  from space 4096K, 98% used [0x00000000eb480000,0x00000000eb86c7c0,0x00000000eb880000)
  to   space 4608K, 0% used [0x00000000eaf80000,0x00000000eaf80000,0x00000000eb400000)
 ParOldGen       total 339456K, used 329030K [0x00000000c0000000, 0x00000000d4b80000, 0x00000000eab00000)
  object space 339456K, 96% used [0x00000000c0000000,0x00000000d4151a38,0x00000000d4b80000)
 Metaspace       used 70179K, committed 71296K, reserved 1114112K
  class space    used 7416K, committed 7872K, reserved 1048576K
}

Dll operation events (13 events):
Event: 0.343 Loaded shared library c:\Users\Etudiant\.vscode\extensions\redhat.java-1.13.0-win32-x64\jre\17.0.5-win32-x86_64\bin\java.dll
Event: 0.510 Loaded shared library c:\Users\Etudiant\.vscode\extensions\redhat.java-1.13.0-win32-x64\jre\17.0.5-win32-x86_64\bin\zip.dll
Event: 0.513 Loaded shared library C:\Users\Etudiant\.vscode\extensions\redhat.java-1.13.0-win32-x64\jre\17.0.5-win32-x86_64\bin\instrument.dll
Event: 0.534 Loaded shared library C:\Users\Etudiant\.vscode\extensions\redhat.java-1.13.0-win32-x64\jre\17.0.5-win32-x86_64\bin\net.dll
Event: 0.543 Loaded shared library C:\Users\Etudiant\.vscode\extensions\redhat.java-1.13.0-win32-x64\jre\17.0.5-win32-x86_64\bin\nio.dll
Event: 0.551 Loaded shared library C:\Users\Etudiant\.vscode\extensions\redhat.java-1.13.0-win32-x64\jre\17.0.5-win32-x86_64\bin\zip.dll
Event: 0.569 Loaded shared library C:\Users\Etudiant\.vscode\extensions\redhat.java-1.13.0-win32-x64\jre\17.0.5-win32-x86_64\bin\jimage.dll
Event: 0.703 Loaded shared library c:\Users\Etudiant\.vscode\extensions\redhat.java-1.13.0-win32-x64\jre\17.0.5-win32-x86_64\bin\verify.dll
Event: 3.141 Loaded shared library C:\Users\Etudiant\AppData\Roaming\Code\User\globalStorage\redhat.java\1.13.0\config_win\org.eclipse.equinox.launcher\org.eclipse.equinox.launcher.win32.win32.x86_64_1.2.600.v20220720-1916\eclipse_11700.dll
Event: 4.629 Loaded shared library C:\Users\Etudiant\.vscode\extensions\redhat.java-1.13.0-win32-x64\jre\17.0.5-win32-x86_64\bin\management.dll
Event: 4.632 Loaded shared library C:\Users\Etudiant\.vscode\extensions\redhat.java-1.13.0-win32-x64\jre\17.0.5-win32-x86_64\bin\management_ext.dll
Event: 7.704 Loaded shared library C:\Users\Etudiant\AppData\Local\Temp\jna--983739012\jna17656688665580657733.dll
Event: 11.657 Loaded shared library C:\Users\Etudiant\.vscode\extensions\redhat.java-1.13.0-win32-x64\jre\17.0.5-win32-x86_64\bin\sunmscapi.dll

Deoptimization events (20 events):
Event: 40.620 Thread 0x00000260ec992370 DEOPT PACKING pc=0x00000260ded9fc98 sp=0x00000091ecbfee70
Event: 40.620 Thread 0x00000260ec992370 DEOPT UNPACKING pc=0x00000260d6c920a3 sp=0x00000091ecbfed98 mode 2
Event: 40.624 Thread 0x00000260ec992370 Uncommon trap: trap_request=0xffffff76 fr.pc=0x00000260deda3560 relative=0x00000000000003c0
Event: 40.624 Thread 0x00000260ec992370 Uncommon trap: reason=predicate action=maybe_recompile pc=0x00000260deda3560 method=java.util.TimSort.binarySort([Ljava/lang/Object;IIILjava/util/Comparator;)V @ 34 c2
Event: 40.624 Thread 0x00000260ec992370 DEOPT PACKING pc=0x00000260deda3560 sp=0x00000091ecbfed20
Event: 40.624 Thread 0x00000260ec992370 DEOPT UNPACKING pc=0x00000260d6c920a3 sp=0x00000091ecbfece8 mode 2
Event: 40.687 Thread 0x00000260ec992370 Uncommon trap: trap_request=0xffffff45 fr.pc=0x00000260deb2f720 relative=0x0000000000000560
Event: 40.687 Thread 0x00000260ec992370 Uncommon trap: reason=unstable_if action=reinterpret pc=0x00000260deb2f720 method=org.eclipse.jdt.internal.core.search.matching.TypeDeclarationPattern.createIndexKey(I[C[C[[CZ)[C @ 85 c2
Event: 40.687 Thread 0x00000260ec992370 DEOPT PACKING pc=0x00000260deb2f720 sp=0x00000091ecbfefb0
Event: 40.687 Thread 0x00000260ec992370 DEOPT UNPACKING pc=0x00000260d6c920a3 sp=0x00000091ecbfef50 mode 2
Event: 40.687 Thread 0x00000260ec992370 Uncommon trap: trap_request=0xffffff45 fr.pc=0x00000260deb89f58 relative=0x0000000000002878
Event: 40.687 Thread 0x00000260ec992370 Uncommon trap: reason=unstable_if action=reinterpret pc=0x00000260deb89f58 method=org.eclipse.jdt.internal.core.search.matching.SuperTypeReferencePattern.createIndexKey(I[C[C[[C[[CC[CC)[C @ 388 c2
Event: 40.687 Thread 0x00000260ec992370 DEOPT PACKING pc=0x00000260deb89f58 sp=0x00000091ecbff010
Event: 40.687 Thread 0x00000260ec992370 DEOPT UNPACKING pc=0x00000260d6c920a3 sp=0x00000091ecbfefc0 mode 2
Event: 40.732 Thread 0x00000260ec992370 Uncommon trap: trap_request=0xffffff45 fr.pc=0x00000260decf9fe4 relative=0x0000000000000504
Event: 40.732 Thread 0x00000260ec992370 Uncommon trap: reason=unstable_if action=reinterpret pc=0x00000260decf9fe4 method=org.eclipse.jdt.internal.compiler.lookup.TypeSystem.getUnannotatedType(Lorg/eclipse/jdt/internal/compiler/lookup/TypeBinding;)Lorg/eclipse/jdt/internal/compiler/lookup/TypeB
Event: 40.732 Thread 0x00000260ec992370 DEOPT PACKING pc=0x00000260decf9fe4 sp=0x00000091ecbfdca0
Event: 40.732 Thread 0x00000260ec992370 DEOPT UNPACKING pc=0x00000260d6c920a3 sp=0x00000091ecbfdc28 mode 2
Event: 40.761 Thread 0x00000260ec992370 DEOPT PACKING pc=0x00000260d73f8642 sp=0x00000091ecbfe2b0
Event: 40.761 Thread 0x00000260ec992370 DEOPT UNPACKING pc=0x00000260d6c92843 sp=0x00000091ecbfd750 mode 0

Classes unloaded (7 events):
Event: 4.685 Thread 0x00000260e97224c0 Unloading class 0x0000000100222000 'java/lang/invoke/LambdaForm$MH+0x0000000100222000'
Event: 4.685 Thread 0x00000260e97224c0 Unloading class 0x0000000100221c00 'java/lang/invoke/LambdaForm$MH+0x0000000100221c00'
Event: 4.685 Thread 0x00000260e97224c0 Unloading class 0x0000000100221800 'java/lang/invoke/LambdaForm$MH+0x0000000100221800'
Event: 4.685 Thread 0x00000260e97224c0 Unloading class 0x0000000100221400 'java/lang/invoke/LambdaForm$MH+0x0000000100221400'
Event: 4.685 Thread 0x00000260e97224c0 Unloading class 0x0000000100220c00 'java/lang/invoke/LambdaForm$BMH+0x0000000100220c00'
Event: 4.685 Thread 0x00000260e97224c0 Unloading class 0x0000000100220800 'java/lang/invoke/LambdaForm$DMH+0x0000000100220800'
Event: 4.685 Thread 0x00000260e97224c0 Unloading class 0x000000010021e000 'java/lang/invoke/LambdaForm$DMH+0x000000010021e000'

Classes redefined (0 events):
No events

Internal exceptions (20 events):
Event: 31.055 Thread 0x00000260ec992370 Exception <a 'sun/nio/fs/WindowsException'{0x00000000eac1b4f8}> (0x00000000eac1b4f8) 
thrown [s\src\hotspot\share\prims\jni.cpp, line 516]
Event: 31.405 Thread 0x00000260ec992370 Exception <a 'sun/nio/fs/WindowsException'{0x00000000eab76e38}> (0x00000000eab76e38) 
thrown [s\src\hotspot\share\prims\jni.cpp, line 516]
Event: 31.420 Thread 0x00000260ec992370 Exception <a 'sun/nio/fs/WindowsException'{0x00000000eabdc068}> (0x00000000eabdc068) 
thrown [s\src\hotspot\share\prims\jni.cpp, line 516]
Event: 31.457 Thread 0x00000260ec992370 Exception <a 'sun/nio/fs/WindowsException'{0x00000000eabb4548}> (0x00000000eabb4548) 
thrown [s\src\hotspot\share\prims\jni.cpp, line 516]
Event: 31.472 Thread 0x00000260ec992370 Exception <a 'sun/nio/fs/WindowsException'{0x00000000eab0f658}> (0x00000000eab0f658) 
thrown [s\src\hotspot\share\prims\jni.cpp, line 516]
Event: 31.505 Thread 0x00000260ec992370 Exception <a 'sun/nio/fs/WindowsException'{0x00000000eaba0300}> (0x00000000eaba0300) 
thrown [s\src\hotspot\share\prims\jni.cpp, line 516]
Event: 31.572 Thread 0x00000260ec992370 Exception <a 'sun/nio/fs/WindowsException'{0x00000000eab6bb38}> (0x00000000eab6bb38) 
thrown [s\src\hotspot\share\prims\jni.cpp, line 516]
Event: 39.607 Thread 0x00000260ec992370 Exception <a 'sun/nio/fs/WindowsException'{0x00000000eabbf5a0}> (0x00000000eabbf5a0) 
thrown [s\src\hotspot\share\prims\jni.cpp, line 516]
Event: 39.614 Thread 0x00000260ec992370 Exception <a 'sun/nio/fs/WindowsException'{0x00000000eabe6b70}> (0x00000000eabe6b70) 
thrown [s\src\hotspot\share\prims\jni.cpp, line 516]
Event: 39.622 Thread 0x00000260ec992370 Exception <a 'sun/nio/fs/WindowsException'{0x00000000eabf9040}> (0x00000000eabf9040) 
thrown [s\src\hotspot\share\prims\jni.cpp, line 516]
Event: 39.631 Thread 0x00000260ec992370 Exception <a 'sun/nio/fs/WindowsException'{0x00000000eac09f30}> (0x00000000eac09f30) 
thrown [s\src\hotspot\share\prims\jni.cpp, line 516]
Event: 39.639 Thread 0x00000260ec992370 Exception <a 'sun/nio/fs/WindowsException'{0x00000000eac1aee8}> (0x00000000eac1aee8) 
thrown [s\src\hotspot\share\prims\jni.cpp, line 516]
Event: 39.685 Thread 0x00000260ec992370 Exception <a 'sun/nio/fs/WindowsException'{0x00000000eab060c8}> (0x00000000eab060c8) 
thrown [s\src\hotspot\share\prims\jni.cpp, line 516]
Event: 39.696 Thread 0x00000260ec992370 Exception <a 'sun/nio/fs/WindowsException'{0x00000000eab496c0}> (0x00000000eab496c0) 
thrown [s\src\hotspot\share\prims\jni.cpp, line 516]
Event: 39.719 Thread 0x00000260ec992370 Exception <a 'sun/nio/fs/WindowsException'{0x00000000eab6e538}> (0x00000000eab6e538) 
thrown [s\src\hotspot\share\prims\jni.cpp, line 516]
Event: 39.734 Thread 0x00000260ec992370 Exception <a 'sun/nio/fs/WindowsException'{0x00000000eab8e850}> (0x00000000eab8e850) 
thrown [s\src\hotspot\share\prims\jni.cpp, line 516]
Event: 39.864 Thread 0x00000260ec992370 Exception <a 'sun/nio/fs/WindowsException'{0x00000000ead04d98}> (0x00000000ead04d98) 
thrown [s\src\hotspot\share\prims\jni.cpp, line 516]
Event: 39.964 Thread 0x00000260ec992370 Exception <a 'sun/nio/fs/WindowsException'{0x00000000eaef74a8}> (0x00000000eaef74a8) 
thrown [s\src\hotspot\share\prims\jni.cpp, line 516]
Event: 40.222 Thread 0x00000260ec992370 Exception <a 'java/lang/NoSuchMethodError'{0x00000000eab96a20}: 'java.lang.Object java.lang.invoke.DirectMethodHandle$Holder.invokeStatic(java.lang.Object, int, java.lang.Object)'> (0x00000000eab96a20) 
thrown [s\src\hotspot\share\interpreter\linkResolver.cpp, line 759]
Event: 40.877 Thread 0x00000260ec992370 Exception <a 'sun/nio/fs/WindowsException'{0x00000000ead46f88}> (0x00000000ead46f88) 
thrown [s\src\hotspot\share\prims\jni.cpp, line 516]

VM Operations (20 events):
Event: 40.430 Executing VM operation: ParallelGCFailedAllocation
Event: 40.432 Executing VM operation: ParallelGCFailedAllocation done
Event: 40.446 Executing VM operation: ParallelGCFailedAllocation
Event: 40.448 Executing VM operation: ParallelGCFailedAllocation done
Event: 40.480 Executing VM operation: ParallelGCFailedAllocation
Event: 40.482 Executing VM operation: ParallelGCFailedAllocation done
Event: 40.559 Executing VM operation: ParallelGCFailedAllocation
Event: 40.564 Executing VM operation: ParallelGCFailedAllocation done
Event: 40.607 Executing VM operation: ParallelGCFailedAllocation
Event: 40.609 Executing VM operation: ParallelGCFailedAllocation done
Event: 40.632 Executing VM operation: ParallelGCFailedAllocation
Event: 40.635 Executing VM operation: ParallelGCFailedAllocation done
Event: 40.682 Executing VM operation: ParallelGCFailedAllocation
Event: 40.685 Executing VM operation: ParallelGCFailedAllocation done
Event: 40.687 Executing VM operation: HandshakeAllThreads
Event: 40.687 Executing VM operation: HandshakeAllThreads done
Event: 40.724 Executing VM operation: ParallelGCFailedAllocation
Event: 40.727 Executing VM operation: ParallelGCFailedAllocation done
Event: 40.739 Executing VM operation: ParallelGCFailedAllocation
Event: 40.744 Executing VM operation: ParallelGCFailedAllocation done

Events (20 events):
Event: 40.700 Thread 0x00000260e7e3a470 flushing nmethod 0x00000260d81f8610
Event: 40.700 Thread 0x00000260e7e3a470 flushing nmethod 0x00000260d81f8c90
Event: 40.700 Thread 0x00000260e7e3a470 flushing nmethod 0x00000260d8203c10
Event: 40.700 Thread 0x00000260e7e3a470 flushing nmethod 0x00000260d8205590
Event: 40.701 Thread 0x00000260e7e3a470 flushing nmethod 0x00000260d8208a90
Event: 40.701 Thread 0x00000260e7e3a470 flushing nmethod 0x00000260d8209290
Event: 40.701 Thread 0x00000260e7e3a470 flushing nmethod 0x00000260d821b990
Event: 40.701 Thread 0x00000260e7e3a470 flushing nmethod 0x00000260d821e810
Event: 40.701 Thread 0x00000260e7e3a470 flushing nmethod 0x00000260d824c310
Event: 40.701 Thread 0x00000260e7e3a470 flushing nmethod 0x00000260d8258d90
Event: 40.701 Thread 0x00000260e7e3a470 flushing nmethod 0x00000260d8260990
Event: 40.701 Thread 0x00000260e7e3a470 flushing nmethod 0x00000260d8270610
Event: 40.701 Thread 0x00000260e7e3a470 flushing nmethod 0x00000260d8272b10
Event: 40.701 Thread 0x00000260e7e3a470 flushing nmethod 0x00000260d8290210
Event: 40.701 Thread 0x00000260e7e3a470 flushing nmethod 0x00000260d82ab210
Event: 40.701 Thread 0x00000260e7e3a470 flushing nmethod 0x00000260d82ab910
Event: 40.701 Thread 0x00000260e7e3a470 flushing nmethod 0x00000260d82baf10
Event: 40.701 Thread 0x00000260e7e3a470 flushing nmethod 0x00000260d82de790
Event: 40.701 Thread 0x00000260e7e3a470 flushing nmethod 0x00000260d82e9c90
Event: 40.701 Thread 0x00000260e7e3a470 flushing nmethod 0x00000260d8379290


Dynamic libraries:
0x00007ff61ec70000 - 0x00007ff61ec7e000 	c:\Users\Etudiant\.vscode\extensions\redhat.java-1.13.0-win32-x64\jre\17.0.5-win32-x86_64\bin\java.exe
0x00007ffb16280000 - 0x00007ffb1646d000 	C:\Windows\SYSTEM32\ntdll.dll
0x00007ffad96e0000 - 0x00007ffad96f7000 	C:\Program Files\Avast Software\Avast\aswhook.dll
0x00007ffb15bb0000 - 0x00007ffb15c63000 	C:\Windows\System32\KERNEL32.DLL
0x00007ffb12ab0000 - 0x00007ffb12d44000 	C:\Windows\System32\KERNELBASE.dll
0x00007ffb13250000 - 0x00007ffb1334a000 	C:\Windows\System32\ucrtbase.dll
0x00007ffafe4a0000 - 0x00007ffafe4b9000 	c:\Users\Etudiant\.vscode\extensions\redhat.java-1.13.0-win32-x64\jre\17.0.5-win32-x86_64\bin\VCRUNTIME140.dll
0x00007ffafe160000 - 0x00007ffafe177000 	c:\Users\Etudiant\.vscode\extensions\redhat.java-1.13.0-win32-x64\jre\17.0.5-win32-x86_64\bin\jli.dll
0x00007ffb15fa0000 - 0x00007ffb16137000 	C:\Windows\System32\USER32.dll
0x00007ffb12a90000 - 0x00007ffb12ab0000 	C:\Windows\System32\win32u.dll
0x00007ffae92a0000 - 0x00007ffae9519000 	C:\Windows\WinSxS\amd64_microsoft.windows.common-controls_6595b64144ccf1df_6.0.17763.1397_none_de7645305346d5dc\COMCTL32.dll
0x00007ffb15b80000 - 0x00007ffb15ba9000 	C:\Windows\System32\GDI32.dll
0x00007ffb13b40000 - 0x00007ffb13bde000 	C:\Windows\System32\msvcrt.dll
0x00007ffb12e80000 - 0x00007ffb1301b000 	C:\Windows\System32\gdi32full.dll
0x00007ffb15c70000 - 0x00007ffb15f9c000 	C:\Windows\System32\combase.dll
0x00007ffb15990000 - 0x00007ffb15ab2000 	C:\Windows\System32\RPCRT4.dll
0x00007ffb13400000 - 0x00007ffb134a0000 	C:\Windows\System32\msvcp_win.dll
0x00007ffb12de0000 - 0x00007ffb12e5e000 	C:\Windows\System32\bcryptPrimitives.dll
0x00007ffb13ab0000 - 0x00007ffb13ade000 	C:\Windows\System32\IMM32.DLL
0x00007ffb05cc0000 - 0x00007ffb05ccc000 	c:\Users\Etudiant\.vscode\extensions\redhat.java-1.13.0-win32-x64\jre\17.0.5-win32-x86_64\bin\vcruntime140_1.dll
0x00007ffadff00000 - 0x00007ffadff91000 	c:\Users\Etudiant\.vscode\extensions\redhat.java-1.13.0-win32-x64\jre\17.0.5-win32-x86_64\bin\msvcp140.dll
0x00007ffac7a80000 - 0x00007ffac86c4000 	c:\Users\Etudiant\.vscode\extensions\redhat.java-1.13.0-win32-x64\jre\17.0.5-win32-x86_64\bin\server\jvm.dll
0x00007ffb15880000 - 0x00007ffb15923000 	C:\Windows\System32\ADVAPI32.dll
0x00007ffb14040000 - 0x00007ffb140de000 	C:\Windows\System32\sechost.dll
0x00007ffb0fa50000 - 0x00007ffb0fa74000 	C:\Windows\SYSTEM32\WINMM.dll
0x00007ffb03d60000 - 0x00007ffb03d69000 	C:\Windows\SYSTEM32\WSOCK32.dll
0x00007ffb14310000 - 0x00007ffb1437d000 	C:\Windows\System32\WS2_32.dll
0x00007ffb0d300000 - 0x00007ffb0d30a000 	C:\Windows\SYSTEM32\VERSION.dll
0x00007ffb0fa20000 - 0x00007ffb0fa4d000 	C:\Windows\SYSTEM32\WINMMBASE.dll
0x00007ffb13200000 - 0x00007ffb1324a000 	C:\Windows\System32\cfgmgr32.dll
0x00007ffb12260000 - 0x00007ffb12271000 	C:\Windows\System32\kernel.appcore.dll
0x00007ffafff20000 - 0x00007ffafff2a000 	c:\Users\Etudiant\.vscode\extensions\redhat.java-1.13.0-win32-x64\jre\17.0.5-win32-x86_64\bin\jimage.dll
0x00007ffb10bb0000 - 0x00007ffb10d9d000 	C:\Windows\SYSTEM32\DBGHELP.DLL
0x00007ffb06960000 - 0x00007ffb0698a000 	C:\Windows\SYSTEM32\dbgcore.DLL
0x00007ffaff050000 - 0x00007ffaff05e000 	c:\Users\Etudiant\.vscode\extensions\redhat.java-1.13.0-win32-x64\jre\17.0.5-win32-x86_64\bin\instrument.dll
0x00007ffaf1e80000 - 0x00007ffaf1ea5000 	c:\Users\Etudiant\.vscode\extensions\redhat.java-1.13.0-win32-x64\jre\17.0.5-win32-x86_64\bin\java.dll
0x00007ffafdd60000 - 0x00007ffafdd78000 	c:\Users\Etudiant\.vscode\extensions\redhat.java-1.13.0-win32-x64\jre\17.0.5-win32-x86_64\bin\zip.dll
0x00007ffb14380000 - 0x00007ffb15878000 	C:\Windows\System32\SHELL32.dll
0x00007ffb14250000 - 0x00007ffb142f9000 	C:\Windows\System32\shcore.dll
0x00007ffb12330000 - 0x00007ffb12a83000 	C:\Windows\System32\windows.storage.dll
0x00007ffb12280000 - 0x00007ffb122a4000 	C:\Windows\System32\profapi.dll
0x00007ffb122d0000 - 0x00007ffb1232d000 	C:\Windows\System32\powrprof.dll
0x00007ffb13cb0000 - 0x00007ffb13d02000 	C:\Windows\System32\shlwapi.dll
0x00007ffb12e60000 - 0x00007ffb12e77000 	C:\Windows\System32\cryptsp.dll
0x00007ffaf4470000 - 0x00007ffaf4489000 	C:\Users\Etudiant\.vscode\extensions\redhat.java-1.13.0-win32-x64\jre\17.0.5-win32-x86_64\bin\net.dll
0x00007ffb0db90000 - 0x00007ffb0dc82000 	C:\Windows\SYSTEM32\WINHTTP.dll
0x00007ffb11a60000 - 0x00007ffb11ac7000 	C:\Windows\system32\mswsock.dll
0x00007ffaf25f0000 - 0x00007ffaf2605000 	C:\Users\Etudiant\.vscode\extensions\redhat.java-1.13.0-win32-x64\jre\17.0.5-win32-x86_64\bin\nio.dll
0x00007ffafe840000 - 0x00007ffafe850000 	c:\Users\Etudiant\.vscode\extensions\redhat.java-1.13.0-win32-x64\jre\17.0.5-win32-x86_64\bin\verify.dll
0x00007ffaeb970000 - 0x00007ffaeb9ae000 	C:\Users\Etudiant\AppData\Roaming\Code\User\globalStorage\redhat.java\1.13.0\config_win\org.eclipse.equinox.launcher\org.eclipse.equinox.launcher.win32.win32.x86_64_1.2.600.v20220720-1916\eclipse_11700.dll
0x00007ffb13ee0000 - 0x00007ffb14035000 	C:\Windows\System32\ole32.dll
0x00007ffb06730000 - 0x00007ffb06739000 	C:\Users\Etudiant\.vscode\extensions\redhat.java-1.13.0-win32-x64\jre\17.0.5-win32-x86_64\bin\management.dll
0x00007ffb06720000 - 0x00007ffb0672b000 	C:\Users\Etudiant\.vscode\extensions\redhat.java-1.13.0-win32-x64\jre\17.0.5-win32-x86_64\bin\management_ext.dll
0x00007ffb16240000 - 0x00007ffb16248000 	C:\Windows\System32\PSAPI.DLL
0x00007ffb115e0000 - 0x00007ffb11613000 	C:\Windows\system32\rsaenh.dll
0x00007ffb12db0000 - 0x00007ffb12dd6000 	C:\Windows\System32\bcrypt.dll
0x00007ffb12150000 - 0x00007ffb12178000 	C:\Windows\SYSTEM32\USERENV.dll
0x00007ffb11c90000 - 0x00007ffb11c9c000 	C:\Windows\SYSTEM32\CRYPTBASE.dll
0x00007ffb11780000 - 0x00007ffb117bd000 	C:\Windows\SYSTEM32\IPHLPAPI.DLL
0x00007ffb14300000 - 0x00007ffb14308000 	C:\Windows\System32\NSI.dll
0x00007ffb07230000 - 0x00007ffb07246000 	C:\Windows\SYSTEM32\dhcpcsvc6.DLL
0x00007ffb07210000 - 0x00007ffb0722c000 	C:\Windows\SYSTEM32\dhcpcsvc.DLL
0x00007ffb117c0000 - 0x00007ffb11887000 	C:\Windows\SYSTEM32\DNSAPI.dll
0x00007ffaeaf10000 - 0x00007ffaeaf50000 	C:\Users\Etudiant\AppData\Local\Temp\jna--983739012\jna17656688665580657733.dll
0x00007ffb05fa0000 - 0x00007ffb05fae000 	C:\Users\Etudiant\.vscode\extensions\redhat.java-1.13.0-win32-x64\jre\17.0.5-win32-x86_64\bin\sunmscapi.dll
0x00007ffb13020000 - 0x00007ffb131fc000 	C:\Windows\System32\CRYPT32.dll
0x00007ffb122b0000 - 0x00007ffb122c2000 	C:\Windows\System32\MSASN1.dll
0x00007ffb11d90000 - 0x00007ffb11db6000 	C:\Windows\SYSTEM32\ncrypt.dll
0x00007ffb11d50000 - 0x00007ffb11d8c000 	C:\Windows\SYSTEM32\NTASN1.dll
0x00007ffb0be00000 - 0x00007ffb0be0a000 	C:\Windows\System32\rasadhlp.dll
0x00007ffb06640000 - 0x00007ffb066b9000 	C:\Windows\System32\fwpuclnt.dll

dbghelp: loaded successfully - version: 4.0.5 - missing functions: none
symbol engine: initialized successfully - sym options: 0x614 - pdb path: .;c:\Users\Etudiant\.vscode\extensions\redhat.java-1.13.0-win32-x64\jre\17.0.5-win32-x86_64\bin;C:\Windows\SYSTEM32;C:\Program Files\Avast Software\Avast;C:\Windows\WinSxS\amd64_microsoft.windows.common-controls_6595b64144ccf1df_6.0.17763.1397_none_de7645305346d5dc;c:\Users\Etudiant\.vscode\extensions\redhat.java-1.13.0-win32-x64\jre\17.0.5-win32-x86_64\bin\server;C:\Users\Etudiant\AppData\Roaming\Code\User\globalStorage\redhat.java\1.13.0\config_win\org.eclipse.equinox.launcher\org.eclipse.equinox.launcher.win32.win32.x86_64_1.2.600.v20220720-1916;C:\Users\Etudiant\AppData\Local\Temp\jna--983739012

VM Arguments:
jvm_args: --add-modules=ALL-SYSTEM --add-opens=java.base/java.util=ALL-UNNAMED --add-opens=java.base/java.lang=ALL-UNNAMED --add-opens=java.base/sun.nio.fs=ALL-UNNAMED -Declipse.application=org.eclipse.jdt.ls.core.id1 -Dosgi.bundles.defaultStartLevel=4 -Declipse.product=org.eclipse.jdt.ls.core.product -Djava.import.generatesMetadataFilesAtProjectRoot=false -Dfile.encoding=utf8 -XX:+UseParallelGC -XX:GCTimeRatio=4 -XX:AdaptiveSizePolicyWeight=90 -Dsun.zip.disableMemoryMapping=true -Xmx1G -Xms100m -Xlog:disable -javaagent:c:\Users\Etudiant\.vscode\extensions\redhat.java-1.13.0-win32-x64\lombok\lombok-1.18.24.jar -XX:+HeapDumpOnOutOfMemoryError -XX:HeapDumpPath=c:\Users\Etudiant\AppData\Roaming\Code\User\workspaceStorage\3b64a8559da0981170425ea01904569c\redhat.java 
java_command: c:\Users\Etudiant\.vscode\extensions\redhat.java-1.13.0-win32-x64\server\plugins\org.eclipse.equinox.launcher_1.6.400.v20210924-0641.jar -configuration c:\Users\Etudiant\AppData\Roaming\Code\User\globalStorage\redhat.java\1.13.0\config_win -data c:\Users\Etudiant\AppData\Roaming\Code\User\workspaceStorage\3b64a8559da0981170425ea01904569c\redhat.java\jdt_ws
java_class_path (initial): c:\Users\Etudiant\.vscode\extensions\redhat.java-1.13.0-win32-x64\server\plugins\org.eclipse.equinox.launcher_1.6.400.v20210924-0641.jar
Launcher Type: SUN_STANDARD

[Global flags]
    uintx AdaptiveSizePolicyWeight                 = 90                                        {product} {command line}
     intx CICompilerCount                          = 4                                         {product} {ergonomic}
    uintx GCTimeRatio                              = 4                                         {product} {command line}
     bool HeapDumpOnOutOfMemoryError               = true                                   {manageable} {command line}
    ccstr HeapDumpPath                             = c:\Users\Etudiant\AppData\Roaming\Code\User\workspaceStorage\3b64a8559da0981170425ea01904569c\redhat.java         {manageable} {command line}
   size_t InitialHeapSize                          = 104857600                                 {product} {command line}
   size_t MaxHeapSize                              = 1073741824                                {product} {command line}
   size_t MaxNewSize                               = 357564416                                 {product} {ergonomic}
   size_t MinHeapDeltaBytes                        = 524288                                    {product} {ergonomic}
   size_t MinHeapSize                              = 104857600                                 {product} {command line}
   size_t NewSize                                  = 34603008                                  {product} {ergonomic}
    uintx NonNMethodCodeHeapSize                   = 5839372                                {pd product} {ergonomic}
    uintx NonProfiledCodeHeapSize                  = 122909434                              {pd product} {ergonomic}
   size_t OldSize                                  = 70254592                                  {product} {ergonomic}
    uintx ProfiledCodeHeapSize                     = 122909434                              {pd product} {ergonomic}
    uintx ReservedCodeCacheSize                    = 251658240                              {pd product} {ergonomic}
     bool SegmentedCodeCache                       = true                                      {product} {ergonomic}
   size_t SoftMaxHeapSize                          = 1073741824                             {manageable} {ergonomic}
     bool UseCompressedClassPointers               = true                           {product lp64_product} {ergonomic}
     bool UseCompressedOops                        = true                           {product lp64_product} {ergonomic}
     bool UseLargePagesIndividualAllocation        = false                                  {pd product} {ergonomic}
     bool UseParallelGC                            = true                                      {product} {command line}

Logging:
Log output configuration:
 #0: stdout all=off uptime,level,tags
 #1: stderr all=off uptime,level,tags

Environment Variables:
JAVA_HOME=C:\Program Files\Java\jdk1.8.0_251
PATH=C:\Python310\Scripts\;C:\Python310\;C:\Program Files\Eclipse Adoptium\jdk-17.0.2.8-hotspot\bin;C:\Program Files\Python38\Scripts\;C:\Program Files\Python38\;C:\Program Files (x86)\Common Files\Oracle\Java\javapath;C:\Windows\system32;C:\Windows;C:\Windows\System32\Wbem;C:\Windows\System32\WindowsPowerShell\v1.0\;C:\Windows\System32\OpenSSH\;C:\apache-ant-1.10.7\bin;C:\apache-maven-3.6.2\bin;C:\Program Files (x86)\Graphviz2.38\bin;C:\gradle-5.6.2\bin;C:\Program Files\TortoiseGit\bin;C:\Program Files\TortoiseSVN\bin;C:\Program Files\Microsoft SQL Server\Client SDK\ODBC\170\Tools\Binn\;C:\Program Files (x86)\Microsoft SQL Server\150\Tools\Binn\;C:\Program Files\Microsoft SQL Server\150\Tools\Binn\;C:\Program Files\Microsoft SQL Server\150\DTS\Binn\;C:\Program Files\dotnet\;C:\Program Files\Microsoft SQL Server\130\Tools\Binn\;C:\GNUCobol3.1\bin;C:\Program Files (x86)\Intel\Intel(R) Management Engine Components\DAL;C:\Program Files\Intel\Intel(R) Management Engine Components\DAL;C:\Program Files\Java\jdk1.8.0_251\bin;C:\Program Files\Git\cmd;C:\Program Files\nodejs\;C:\ProgramData\chocolatey\bin;C:\Program Files\PuTTY\;C:\Ruby30-x64\bin;C:\Users\Etudiant\AppData\Local\Microsoft\WindowsApps;C:\Users\Etudiant\AppData\Local\Programs\Microsoft VS Code\bin;C:\Program Files\JetBrains\PhpStorm 2019.2\bin;;C:\Program Files\JetBrains\IntelliJ IDEA Community Edition 2019.2.4\bin;;C:\Program Files\JetBrains\IntelliJ IDEA Educational Edition 2020.1.2\bin;;C:\Users\Etudiant\.dotnet\tools;C:\Users\Etudiant\AppData\Local\GitHubDesktop\bin;C:\Program Files\Java\jre1.8.0_311\bin;C:\Users\Etudiant\AppData\Roaming\npm
USERNAME=Etudiant
OS=Windows_NT
PROCESSOR_IDENTIFIER=Intel64 Family 6 Model 142 Stepping 12, GenuineIntel
TMP=C:\Users\Etudiant\AppData\Local\Temp
TEMP=C:\Users\Etudiant\AppData\Local\Temp



---------------  S Y S T E M  ---------------

OS:
 Windows 10 , 64 bit Build 17763 (10.0.17763.1339)
OS uptime: 1 days 23:58 hours

CPU: total 8 (initial active 8) (4 cores per cpu, 2 threads per core) family 6 model 142 stepping 12 microcode 0xd6, cx8, cmov, fxsr, ht, mmx, 3dnowpref, sse, sse2, sse3, ssse3, sse4.1, sse4.2, popcnt, lzcnt, tsc, tscinvbit, avx, avx2, aes, erms, clmul, bmi1, bmi2, adx, fma, vzeroupper, clflush, clflushopt

Memory: 4k page, system-wide physical 15980M (6139M free)
TotalPageFile size 15980M (AvailPageFile size 5580M)
current process WorkingSet (physical memory assigned to process): 612M, peak: 633M
current process commit charge ("private bytes"): 605M, peak: 628M

vm_info: OpenJDK 64-Bit Server VM (17.0.5+8) for windows-amd64 JRE (17.0.5+8), built on Oct 19 2022 04:48:13 by "temurin" with MS VC++ 16.7 (VS2019)

END.
