#
# A fatal error has been detected by the Java Runtime Environment:
#
#  EXCEPTION_ACCESS_VIOLATION (0xc0000005) at pc=0x00007ff8ae4e026f, pid=12080, tid=1208
#
# JRE version: OpenJDK Runtime Environment Temurin-17.0.5+8 (17.0.5+8) (build 17.0.5+8)
# Java VM: OpenJDK 64-Bit Server VM Temurin-17.0.5+8 (17.0.5+8, mixed mode, tiered, compressed oops, compressed class ptrs, parallel gc, windows-amd64)
# Problematic frame:
# V  [jvm.dll+0x6a026f]
#
# No core dump will be written. Minidumps are not enabled by default on client versions of Windows
#
# If you would like to submit a bug report, please visit:
#   https://github.com/adoptium/adoptium-support/issues
#

---------------  S U M M A R Y ------------

Command Line: --add-modules=ALL-SYSTEM --add-opens=java.base/java.util=ALL-UNNAMED --add-opens=java.base/java.lang=ALL-UNNAMED --add-opens=java.base/sun.nio.fs=ALL-UNNAMED -Declipse.application=org.eclipse.jdt.ls.core.id1 -Dosgi.bundles.defaultStartLevel=4 -Declipse.product=org.eclipse.jdt.ls.core.product -Djava.import.generatesMetadataFilesAtProjectRoot=false -Dfile.encoding=utf8 -XX:+UseParallelGC -XX:GCTimeRatio=4 -XX:AdaptiveSizePolicyWeight=90 -Dsun.zip.disableMemoryMapping=true -Xmx1G -Xms100m -Xlog:disable -javaagent:c:\Users\Etudiant\.vscode\extensions\redhat.java-1.14.0-win32-x64\lombok\lombok-1.18.24.jar -XX:+HeapDumpOnOutOfMemoryError -XX:HeapDumpPath=c:\Users\Etudiant\AppData\Roaming\Code\User\workspaceStorage\3b64a8559da0981170425ea01904569c\redhat.java c:\Users\Etudiant\.vscode\extensions\redhat.java-1.14.0-win32-x64\server\plugins\org.eclipse.equinox.launcher_1.6.400.v20210924-0641.jar -configuration c:\Users\Etudiant\AppData\Roaming\Code\User\globalStorage\redhat.java\1.14.0\config_win -data c:\Users\Etudiant\AppData\Roaming\Code\User\workspaceStorage\3b64a8559da0981170425ea01904569c\redhat.java\jdt_ws

Host: Intel(R) Core(TM) i5-10310U CPU @ 1.70GHz, 8 cores, 15G,  Windows 10 , 64 bit Build 17763 (10.0.17763.1339)
Time: Wed Jan 18 11:08:08 2023 Paris, Madrid elapsed time: 1.601979 seconds (0d 0h 0m 1s)

---------------  T H R E A D  ---------------

Current thread (0x000001ccee501960):  JavaThread "C2 CompilerThread1" daemon [_thread_in_native, id=1208, stack(0x0000007223700000,0x0000007223800000)]


Current CompileTask:
C2:   1602 2111       4       java.util.Properties::loadConvert (540 bytes)

Stack: [0x0000007223700000,0x0000007223800000],  sp=0x00000072237fb760,  free space=1005k
Native frames: (J=compiled Java code, j=interpreted, Vv=VM code, C=native code)
V  [jvm.dll+0x6a026f]
V  [jvm.dll+0x1bb564]
V  [jvm.dll+0x217ca9]
V  [jvm.dll+0x216f71]
V  [jvm.dll+0x1a343d]
V  [jvm.dll+0x22698a]
V  [jvm.dll+0x224ac5]
V  [jvm.dll+0x7e727b]
V  [jvm.dll+0x7e17ea]
V  [jvm.dll+0x6759e5]
C  [ucrtbase.dll+0x21ffa]
C  [KERNEL32.DLL+0x17974]
C  [ntdll.dll+0x6a271]


siginfo: EXCEPTION_ACCESS_VIOLATION (0xc0000005), reading address 0x0000000000000020


Register to memory mapping:

RIP=0x00007ff8ae4e026f jvm.dll
RAX=0x000001ccee9a6e60 points into unknown readable memory: 0x000001ccefe93660 | 60 36 e9 ef cc 01 00 00
RBX=0x0000000000000001 is an unknown value
RCX=0x000000000000000c is an unknown value
RDX=0x0 is NULL
RSP=0x00000072237fb760 is pointing into the stack for thread: 0x000001ccee501960
RBP=0x000000000000000c is an unknown value
RSI=0x000001ccefd90918 points into unknown readable memory: 0x00007ff8ae7581f0 | f0 81 75 ae f8 7f 00 00
RDI=0x00000072237fbdb0 is pointing into the stack for thread: 0x000001ccee501960
R8 =0x00000000000069e0 is an unknown value
R9 =0x0 is NULL
R10=0x0000000000000008 is an unknown value
R11=0x0000000000000001 is an unknown value
R12=0x000001cceea069e0 points into unknown readable memory: 0x000001cced73c430 | 30 c4 73 ed cc 01 00 00
R13=0x000001cceea07d90 points into unknown readable memory: 0x000001cced73c430 | 30 c4 73 ed cc 01 00 00
R14=0x0 is NULL
R15=0x000001cceea069e0 points into unknown readable memory: 0x000001cced73c430 | 30 c4 73 ed cc 01 00 00


Registers:
RAX=0x000001ccee9a6e60, RBX=0x0000000000000001, RCX=0x000000000000000c, RDX=0x0000000000000000
RSP=0x00000072237fb760, RBP=0x000000000000000c, RSI=0x000001ccefd90918, RDI=0x00000072237fbdb0
R8 =0x00000000000069e0, R9 =0x0000000000000000, R10=0x0000000000000008, R11=0x0000000000000001
R12=0x000001cceea069e0, R13=0x000001cceea07d90, R14=0x0000000000000000, R15=0x000001cceea069e0
RIP=0x00007ff8ae4e026f, EFLAGS=0x0000000000010287

Top of Stack: (sp=0x00000072237fb760)
0x00000072237fb760:   000001cc0000022e 000001ccefe934d8
0x00000072237fb770:   000001cc00000001 000001ccefd90918
0x00000072237fb780:   000001cceea07d90 000001cceea069e0
0x00000072237fb790:   0000000000000201 00000000ffffffff
0x00000072237fb7a0:   000001cceea069e0 000001ccefd90918
0x00000072237fb7b0:   000001ccefdeacb0 00007ff800000010
0x00000072237fb7c0:   000001cced6c4520 000000000000009a
0x00000072237fb7d0:   0000000000000069 000001ccefe91bc8
0x00000072237fb7e0:   000001ccefd2d698 000001cced6c36c0
0x00000072237fb7f0:   000001cced6c3df0 000001ccef95c8f8
0x00000072237fb800:   000001cced895400 000001cced8953d0
0x00000072237fb810:   000001cced73c430 000001cced6c2fb0
0x00000072237fb820:   000001cced6c36c0 000001cced6caf98
0x00000072237fb830:   000000000007fd50 000001ccf0140460
0x00000072237fb840:   0000000000000000 0000000000000003
0x00000072237fb850:   000000000000752f 00007ff8adffbc14 

Instructions: (pc=0x00007ff8ae4e026f)
0x00007ff8ae4e016f:   8b 58 20 48 8b 07 48 03 de ff 50 68 8b c8 48 8b
0x00007ff8ae4e017f:   d3 e8 fb 58 02 00 be 01 00 00 00 8b e8 3b c6 7e
0x00007ff8ae4e018f:   52 4c 8b 64 24 40 41 8b df 2b de 41 3b 5d 08 72
0x00007ff8ae4e019f:   0a 8b d3 49 8b cd e8 86 3d fb ff 49 8b 45 10 4c
0x00007ff8ae4e01af:   8d 34 dd 00 00 00 00 49 89 3c 06 41 3b 5c 24 08
0x00007ff8ae4e01bf:   72 0a 8b d3 49 8b cc e8 65 3d fb ff 49 8b 44 24
0x00007ff8ae4e01cf:   10 ff c6 49 89 3c 06 3b f5 7c bb 44 8b a4 24 f8
0x00007ff8ae4e01df:   01 00 00 8b ac 24 00 02 00 00 4c 8b 7c 24 40 48
0x00007ff8ae4e01ef:   8b bc 24 f0 01 00 00 48 8b 74 24 48 41 ff c4 44
0x00007ff8ae4e01ff:   89 a4 24 f8 01 00 00 44 3b e5 0f 82 76 fe ff ff
0x00007ff8ae4e020f:   3b 6e 28 0f 83 fc 09 00 00 3b 6e 18 73 4f 48 8b
0x00007ff8ae4e021f:   46 20 8b cd 4c 8b 34 c8 eb 46 48 8b cf e8 1f c6
0x00007ff8ae4e022f:   ff ff 4c 8b 7c 24 40 4c 8b c7 48 8b 74 24 48 48
0x00007ff8ae4e023f:   8b d7 48 8b bc 24 f0 01 00 00 4c 8b ce 48 8b cf
0x00007ff8ae4e024f:   4c 89 7c 24 28 4c 89 6c 24 20 e8 52 0d 00 00 44
0x00007ff8ae4e025f:   2b e0 ff cd 89 ac 24 00 02 00 00 eb 8f 45 33 f6
0x00007ff8ae4e026f:   41 83 7e 20 00 4c 89 74 24 50 75 39 48 8b 47 10
0x00007ff8ae4e027f:   4c 3b b0 d8 02 00 00 74 2c 41 8b 46 2c 24 0f 3c
0x00007ff8ae4e028f:   08 74 22 4c 89 7c 24 28 4c 8b ce 4d 8b c6 4c 89
0x00007ff8ae4e029f:   6c 24 20 49 8b d6 48 8b cf e8 03 0d 00 00 2b e8
0x00007ff8ae4e02af:   e9 49 09 00 00 41 8b 4e 18 b8 01 00 00 00 89 84
0x00007ff8ae4e02bf:   24 f8 01 00 00 3b c8 0f 86 1b 02 00 00 0f 1f 40
0x00007ff8ae4e02cf:   00 8b c8 49 8b 46 08 4c 8b 34 c8 4d 85 f6 75 24
0x00007ff8ae4e02df:   4c 8d 0d ca af 30 00 ba 95 02 00 00 4c 8d 05 06
0x00007ff8ae4e02ef:   af 30 00 48 8d 0d 1f af 30 00 e8 a2 48 ba ff e8
0x00007ff8ae4e02ff:   ad 63 fd ff 49 63 4e 28 48 8b 87 08 01 00 00 8b
0x00007ff8ae4e030f:   14 88 85 d2 0f 84 a1 01 00 00 48 8b 47 70 48 89
0x00007ff8ae4e031f:   54 24 68 4c 8b 40 20 48 69 c2 b0 00 00 00 42 8b
0x00007ff8ae4e032f:   6c 00 30 41 3b 6d 08 73 0f 49 8b 45 10 48 83 3c
0x00007ff8ae4e033f:   e8 00 0f 85 73 01 00 00 41 8b 46 30 83 e0 01 74
0x00007ff8ae4e034f:   36 8b c8 49 8b 46 08 48 8b 14 c8 48 85 d2 74 27
0x00007ff8ae4e035f:   48 8b 87 08 01 00 00 48 63 4a 28 8b 0c 88 48 69 


Stack slot to memory mapping:
stack at sp + 0 slots: 0x000001cc0000022e is an unknown value
stack at sp + 1 slots: 0x000001ccefe934d8 points into unknown readable memory: 0x00007ff8ae7203d8 | d8 03 72 ae f8 7f 00 00
stack at sp + 2 slots: 0x000001cc00000001 is an unknown value
stack at sp + 3 slots: 0x000001ccefd90918 points into unknown readable memory: 0x00007ff8ae7581f0 | f0 81 75 ae f8 7f 00 00
stack at sp + 4 slots: 0x000001cceea07d90 points into unknown readable memory: 0x000001cced73c430 | 30 c4 73 ed cc 01 00 00
stack at sp + 5 slots: 0x000001cceea069e0 points into unknown readable memory: 0x000001cced73c430 | 30 c4 73 ed cc 01 00 00
stack at sp + 6 slots: 0x0000000000000201 is an unknown value
stack at sp + 7 slots: 0x00000000ffffffff is an unallocated location in the heap


---------------  P R O C E S S  ---------------

Threads class SMR info:
_java_thread_list=0x000001ccf00d0ca0, length=20, elements={
0x000001ccd7bd6b50, 0x000001ccd7c8c6d0, 0x000001ccd7c8e600, 0x000001cced55c450,
0x000001cced55d2c0, 0x000001cced55e130, 0x000001cced561d60, 0x000001cced562af0,
0x000001cced591920, 0x000001cced5d9670, 0x000001ccd7c3add0, 0x000001ccee500020,
0x000001ccee501960, 0x000001cced8fd2b0, 0x000001ccefa59e60, 0x000001ccef9f0ca0,
0x000001ccef9f1300, 0x000001cceffb43c0, 0x000001ccefec6a40, 0x000001ccefb00f30
}

Java Threads: ( => current thread )
  0x000001ccd7bd6b50 JavaThread "main" [_thread_blocked, id=3352, stack(0x0000007222700000,0x0000007222800000)]
  0x000001ccd7c8c6d0 JavaThread "Reference Handler" daemon [_thread_blocked, id=12916, stack(0x0000007222b00000,0x0000007222c00000)]
  0x000001ccd7c8e600 JavaThread "Finalizer" daemon [_thread_blocked, id=11944, stack(0x0000007222c00000,0x0000007222d00000)]
  0x000001cced55c450 JavaThread "Signal Dispatcher" daemon [_thread_blocked, id=24108, stack(0x0000007222d00000,0x0000007222e00000)]
  0x000001cced55d2c0 JavaThread "Attach Listener" daemon [_thread_blocked, id=24568, stack(0x0000007222e00000,0x0000007222f00000)]
  0x000001cced55e130 JavaThread "Service Thread" daemon [_thread_blocked, id=4552, stack(0x0000007222f00000,0x0000007223000000)]
  0x000001cced561d60 JavaThread "Monitor Deflation Thread" daemon [_thread_blocked, id=21832, stack(0x0000007223000000,0x0000007223100000)]
  0x000001cced562af0 JavaThread "C2 CompilerThread0" daemon [_thread_blocked, id=23680, stack(0x0000007223100000,0x0000007223200000)]
  0x000001cced591920 JavaThread "C1 CompilerThread0" daemon [_thread_in_vm, id=19380, stack(0x0000007223200000,0x0000007223300000)]
  0x000001cced5d9670 JavaThread "Sweeper thread" daemon [_thread_blocked, id=6868, stack(0x0000007223300000,0x0000007223400000)]
  0x000001ccd7c3add0 JavaThread "Common-Cleaner" daemon [_thread_blocked, id=548, stack(0x0000007223400000,0x0000007223500000)]
  0x000001ccee500020 JavaThread "Notification Thread" daemon [_thread_blocked, id=21796, stack(0x0000007223500000,0x0000007223600000)]
=>0x000001ccee501960 JavaThread "C2 CompilerThread1" daemon [_thread_in_native, id=1208, stack(0x0000007223700000,0x0000007223800000)]
  0x000001cced8fd2b0 JavaThread "C2 CompilerThread2" daemon [_thread_blocked, id=23692, stack(0x0000007223800000,0x0000007223900000)]
  0x000001ccefa59e60 JavaThread "Active Thread: Equinox Container: 2428faf5-e12f-4915-9d75-0f8f9b6b3ccb" [_thread_blocked, id=3628, stack(0x0000007223f00000,0x0000007224000000)]
  0x000001ccef9f0ca0 JavaThread "Framework Event Dispatcher: Equinox Container: 2428faf5-e12f-4915-9d75-0f8f9b6b3ccb" daemon [_thread_blocked, id=11392, stack(0x0000007224000000,0x0000007224100000)]
  0x000001ccef9f1300 JavaThread "Start Level: Equinox Container: 2428faf5-e12f-4915-9d75-0f8f9b6b3ccb" daemon [_thread_in_Java, id=18664, stack(0x0000007224100000,0x0000007224200000)]
  0x000001cceffb43c0 JavaThread "SCR Component Actor" daemon [_thread_blocked, id=13896, stack(0x0000007224200000,0x0000007224300000)]
  0x000001ccefec6a40 JavaThread "SCR Component Registry" daemon [_thread_blocked, id=23036, stack(0x0000007224400000,0x0000007224500000)]
  0x000001ccefb00f30 JavaThread "Worker-JM" [_thread_blocked, id=23448, stack(0x0000007224500000,0x0000007224600000)]

Other Threads:
  0x000001cced521c30 VMThread "VM Thread" [stack: 0x0000007222a00000,0x0000007222b00000] [id=17308]
  0x000001ccee5004f0 WatcherThread [stack: 0x0000007223600000,0x0000007223700000] [id=8692]
  0x000001ccd7bedfe0 GCTaskThread "GC Thread#0" [stack: 0x0000007222900000,0x0000007222a00000] [id=9936]
  0x000001ccee832940 GCTaskThread "GC Thread#1" [stack: 0x0000007223900000,0x0000007223a00000] [id=10792]
  0x000001ccee832ea0 GCTaskThread "GC Thread#2" [stack: 0x0000007223a00000,0x0000007223b00000] [id=17656]
  0x000001ccee832690 GCTaskThread "GC Thread#3" [stack: 0x0000007223b00000,0x0000007223c00000] [id=24296]
  0x000001ccee8336b0 GCTaskThread "GC Thread#4" [stack: 0x0000007223c00000,0x0000007223d00000] [id=21208]
  0x000001ccee832bf0 GCTaskThread "GC Thread#5" [stack: 0x0000007223d00000,0x0000007223e00000] [id=20528]
  0x000001ccee8323e0 GCTaskThread "GC Thread#6" [stack: 0x0000007223e00000,0x0000007223f00000] [id=17596]
  0x000001ccee831e80 GCTaskThread "GC Thread#7" [stack: 0x0000007224300000,0x0000007224400000] [id=17076]

Threads with active compile tasks:
C2 CompilerThread1     1728 2111       4       java.util.Properties::loadConvert (540 bytes)

VM state: not at safepoint (normal execution)

VM Mutex/Monitor currently owned by a thread: None

Heap address: 0x00000000c0000000, size: 1024 MB, Compressed Oops mode: 32-bit

CDS archive(s) not mapped
Compressed class space mapped at: 0x0000000100000000-0x0000000140000000, reserved size: 1073741824
Narrow klass base: 0x0000000000000000, Narrow klass shift: 3, Narrow klass range: 0x140000000

GC Precious Log:
 CPUs: 8 total, 8 available
 Memory: 15980M
 Large Page Support: Disabled
 NUMA Support: Disabled
 Compressed Oops: Enabled (32-bit)
 Alignments: Space 512K, Generation 512K, Heap 2M
 Heap Min Capacity: 100M
 Heap Initial Capacity: 100M
 Heap Max Capacity: 1G
 Pre-touch: Disabled
 Parallel Workers: 8

Heap:
 PSYoungGen      total 29696K, used 10241K [0x00000000eab00000, 0x00000000ecc00000, 0x0000000100000000)
  eden space 25600K, 24% used [0x00000000eab00000,0x00000000eb104a88,0x00000000ec400000)
  from space 4096K, 99% used [0x00000000ec400000,0x00000000ec7fbc20,0x00000000ec800000)
  to   space 4096K, 0% used [0x00000000ec800000,0x00000000ec800000,0x00000000ecc00000)
 ParOldGen       total 68608K, used 3750K [0x00000000c0000000, 0x00000000c4300000, 0x00000000eab00000)
  object space 68608K, 5% used [0x00000000c0000000,0x00000000c03a98d0,0x00000000c4300000)
 Metaspace       used 20767K, committed 21248K, reserved 1073152K
  class space    used 2112K, committed 2304K, reserved 1048576K

Card table byte_map: [0x000001ccd7580000,0x000001ccd7790000] _byte_map_base: 0x000001ccd6f80000

Marking Bits: (ParMarkBitMap*) 0x00007ff8ae9c0dd0
 Begin Bits: [0x000001cce9850000, 0x000001ccea850000)
 End Bits:   [0x000001ccea850000, 0x000001cceb850000)

Polling page: 0x000001ccd5ad0000

Metaspace:

Usage:
  Non-class:     18.22 MB used.
      Class:      2.06 MB used.
       Both:     20.28 MB used.

Virtual space:
  Non-class space:       24.00 MB reserved,      18.50 MB ( 77%) committed,  3 nodes.
      Class space:        1.00 GB reserved,       2.25 MB ( <1%) committed,  1 nodes.
             Both:        1.02 GB reserved,      20.75 MB (  2%) committed. 

Chunk freelists:
   Non-Class:  1.39 MB
       Class:  1.57 MB
        Both:  2.96 MB

MaxMetaspaceSize: unlimited
CompressedClassSpaceSize: 1.00 GB
Initial GC threshold: 21.00 MB
Current GC threshold: 21.00 MB
CDS: off
MetaspaceReclaimPolicy: balanced
 - commit_granule_bytes: 65536.
 - commit_granule_words: 8192.
 - virtual_space_node_default_size: 1048576.
 - enlarge_chunks_in_place: 1.
 - new_chunks_are_fully_committed: 0.
 - uncommit_free_chunks: 1.
 - use_allocation_guard: 0.
 - handle_deallocations: 1.


Internal statistics:

num_allocs_failed_limit: 0.
num_arena_births: 168.
num_arena_deaths: 0.
num_vsnodes_births: 4.
num_vsnodes_deaths: 0.
num_space_committed: 332.
num_space_uncommitted: 0.
num_chunks_returned_to_freelist: 0.
num_chunks_taken_from_freelist: 642.
num_chunk_merges: 0.
num_chunk_splits: 412.
num_chunks_enlarged: 289.
num_purges: 0.
num_inconsistent_stats: 0.

CodeHeap 'non-profiled nmethods': size=120000Kb used=940Kb max_used=940Kb free=119059Kb
 bounds [0x000001cce2320000, 0x000001cce2590000, 0x000001cce9850000]
CodeHeap 'profiled nmethods': size=120000Kb used=4532Kb max_used=4532Kb free=115468Kb
 bounds [0x000001ccdadf0000, 0x000001ccdb260000, 0x000001cce2320000]
CodeHeap 'non-nmethods': size=5760Kb used=1185Kb max_used=1225Kb free=4574Kb
 bounds [0x000001ccda850000, 0x000001ccdaac0000, 0x000001ccdadf0000]
 total_blobs=2754 nmethods=2266 adapters=402
 compilation: enabled
              stopped_count=0, restarted_count=0
 full_count=0

Compilation events (20 events):
Event: 1.586 Thread 0x000001cced591920 nmethod 2131 0x000001ccdb21af90 code [0x000001ccdb21b140, 0x000001ccdb21b398]
Event: 1.586 Thread 0x000001cced591920 2133       3       jdk.internal.org.objectweb.asm.Type::getDescriptor (93 bytes)
Event: 1.587 Thread 0x000001cced591920 nmethod 2133 0x000001ccdb21b490 code [0x000001ccdb21b700, 0x000001ccdb21be88]
Event: 1.589 Thread 0x000001cced591920 2138       3       jdk.internal.org.objectweb.asm.Type::getReturnTypeOffset (64 bytes)
Event: 1.590 Thread 0x000001cced591920 nmethod 2138 0x000001ccdb21c190 code [0x000001ccdb21c4c0, 0x000001ccdb21d898]
Event: 1.590 Thread 0x000001cced591920 2141       3       jdk.internal.org.objectweb.asm.Frame::push (59 bytes)
Event: 1.590 Thread 0x000001cced8fd2b0 2144       4       jdk.internal.org.objectweb.asm.ByteVector::putShort (52 bytes)
Event: 1.591 Thread 0x000001cced591920 nmethod 2141 0x000001ccdb21e010 code [0x000001ccdb21e240, 0x000001ccdb21e998]
Event: 1.591 Thread 0x000001cced591920 2143       3       java.lang.invoke.InvokerBytecodeGenerator::emitImplicitConversion (161 bytes)
Event: 1.591 Thread 0x000001cced8fd2b0 nmethod 2144 0x000001cce23f7410 code [0x000001cce23f7580, 0x000001cce23f76b8]
Event: 1.592 Thread 0x000001cced591920 nmethod 2143 0x000001ccdb21ed10 code [0x000001ccdb21f020, 0x000001ccdb21fe98]
Event: 1.592 Thread 0x000001cced591920 2148       3       jdk.internal.org.objectweb.asm.Frame::setLocal (65 bytes)
Event: 1.592 Thread 0x000001cced591920 nmethod 2148 0x000001ccdb220390 code [0x000001ccdb220560, 0x000001ccdb220a08]
Event: 1.592 Thread 0x000001cced591920 2147       3       java.lang.invoke.InvokerBytecodeGenerator::getInternalName (100 bytes)
Event: 1.592 Thread 0x000001cced591920 nmethod 2147 0x000001ccdb220c10 code [0x000001ccdb220e20, 0x000001ccdb2212f8]
Event: 1.592 Thread 0x000001cced591920 2149       3       jdk.internal.org.objectweb.asm.MethodWriter::visitAbstractType (8 bytes)
Event: 1.592 Thread 0x000001cced591920 nmethod 2149 0x000001ccdb221410 code [0x000001ccdb2215a0, 0x000001ccdb2216d8]
Event: 1.593 Thread 0x000001cced591920 2150       3       jdk.internal.org.objectweb.asm.Frame::pop (53 bytes)
Event: 1.593 Thread 0x000001cced591920 nmethod 2150 0x000001ccdb221790 code [0x000001ccdb2219e0, 0x000001ccdb222158]
Event: 1.593 Thread 0x000001cced591920 2151       3       java.util.ArrayList::rangeCheckForAdd (26 bytes)

GC Heap History (4 events):
Event: 0.813 GC heap before
{Heap before GC invocations=1 (full 0):
 PSYoungGen      total 29696K, used 25600K [0x00000000eab00000, 0x00000000ecc00000, 0x0000000100000000)
  eden space 25600K, 100% used [0x00000000eab00000,0x00000000ec400000,0x00000000ec400000)
  from space 4096K, 0% used [0x00000000ec800000,0x00000000ec800000,0x00000000ecc00000)
  to   space 4096K, 0% used [0x00000000ec400000,0x00000000ec400000,0x00000000ec800000)
 ParOldGen       total 68608K, used 0K [0x00000000c0000000, 0x00000000c4300000, 0x00000000eab00000)
  object space 68608K, 0% used [0x00000000c0000000,0x00000000c0000000,0x00000000c4300000)
 Metaspace       used 10944K, committed 11072K, reserved 1064960K
  class space    used 1086K, committed 1152K, reserved 1048576K
}
Event: 0.819 GC heap after
{Heap after GC invocations=1 (full 0):
 PSYoungGen      total 29696K, used 3672K [0x00000000eab00000, 0x00000000ecc00000, 0x0000000100000000)
  eden space 25600K, 0% used [0x00000000eab00000,0x00000000eab00000,0x00000000ec400000)
  from space 4096K, 89% used [0x00000000ec400000,0x00000000ec796218,0x00000000ec800000)
  to   space 4096K, 0% used [0x00000000ec800000,0x00000000ec800000,0x00000000ecc00000)
 ParOldGen       total 68608K, used 16K [0x00000000c0000000, 0x00000000c4300000, 0x00000000eab00000)
  object space 68608K, 0% used [0x00000000c0000000,0x00000000c0004000,0x00000000c4300000)
 Metaspace       used 10944K, committed 11072K, reserved 1064960K
  class space    used 1086K, committed 1152K, reserved 1048576K
}
Event: 1.289 GC heap before
{Heap before GC invocations=2 (full 0):
 PSYoungGen      total 29696K, used 29272K [0x00000000eab00000, 0x00000000ecc00000, 0x0000000100000000)
  eden space 25600K, 100% used [0x00000000eab00000,0x00000000ec400000,0x00000000ec400000)
  from space 4096K, 89% used [0x00000000ec400000,0x00000000ec796218,0x00000000ec800000)
  to   space 4096K, 0% used [0x00000000ec800000,0x00000000ec800000,0x00000000ecc00000)
 ParOldGen       total 68608K, used 16K [0x00000000c0000000, 0x00000000c4300000, 0x00000000eab00000)
  object space 68608K, 0% used [0x00000000c0000000,0x00000000c0004000,0x00000000c4300000)
 Metaspace       used 14738K, committed 15040K, reserved 1064960K
  class space    used 1494K, committed 1664K, reserved 1048576K
}
Event: 1.293 GC heap after
{Heap after GC invocations=2 (full 0):
 PSYoungGen      total 29696K, used 4093K [0x00000000eab00000, 0x00000000ecc00000, 0x0000000100000000)
  eden space 25600K, 0% used [0x00000000eab00000,0x00000000eab00000,0x00000000ec400000)
  from space 4096K, 99% used [0x00000000ec800000,0x00000000ecbff718,0x00000000ecc00000)
  to   space 4096K, 0% used [0x00000000ec400000,0x00000000ec400000,0x00000000ec800000)
 ParOldGen       total 68608K, used 1935K [0x00000000c0000000, 0x00000000c4300000, 0x00000000eab00000)
  object space 68608K, 2% used [0x00000000c0000000,0x00000000c01e3ef8,0x00000000c4300000)
 Metaspace       used 14738K, committed 15040K, reserved 1064960K
  class space    used 1494K, committed 1664K, reserved 1048576K
}

Dll operation events (9 events):
Event: 0.007 Loaded shared library c:\Users\Etudiant\.vscode\extensions\redhat.java-1.14.0-win32-x64\jre\17.0.5-win32-x86_64\bin\java.dll
Event: 0.214 Loaded shared library c:\Users\Etudiant\.vscode\extensions\redhat.java-1.14.0-win32-x64\jre\17.0.5-win32-x86_64\bin\zip.dll
Event: 0.217 Loaded shared library C:\Users\Etudiant\.vscode\extensions\redhat.java-1.14.0-win32-x64\jre\17.0.5-win32-x86_64\bin\instrument.dll
Event: 0.243 Loaded shared library C:\Users\Etudiant\.vscode\extensions\redhat.java-1.14.0-win32-x64\jre\17.0.5-win32-x86_64\bin\net.dll
Event: 0.245 Loaded shared library C:\Users\Etudiant\.vscode\extensions\redhat.java-1.14.0-win32-x64\jre\17.0.5-win32-x86_64\bin\nio.dll
Event: 0.253 Loaded shared library C:\Users\Etudiant\.vscode\extensions\redhat.java-1.14.0-win32-x64\jre\17.0.5-win32-x86_64\bin\zip.dll
Event: 0.270 Loaded shared library C:\Users\Etudiant\.vscode\extensions\redhat.java-1.14.0-win32-x64\jre\17.0.5-win32-x86_64\bin\jimage.dll
Event: 0.320 Loaded shared library c:\Users\Etudiant\.vscode\extensions\redhat.java-1.14.0-win32-x64\jre\17.0.5-win32-x86_64\bin\verify.dll
Event: 1.216 Loaded shared library C:\Users\Etudiant\AppData\Roaming\Code\User\globalStorage\redhat.java\1.14.0\config_win\org.eclipse.equinox.launcher\org.eclipse.equinox.launcher.win32.win32.x86_64_1.2.700.v20221108-1024\eclipse_11801.dll

Deoptimization events (20 events):
Event: 1.515 Thread 0x000001ccef9f1300 Uncommon trap: trap_request=0xffffff45 fr.pc=0x000001cce2369b74 relative=0x0000000000000074
Event: 1.515 Thread 0x000001ccef9f1300 Uncommon trap: reason=unstable_if action=reinterpret pc=0x000001cce2369b74 method=jdk.internal.misc.Unsafe.convEndian(ZJ)J @ 4 c2
Event: 1.515 Thread 0x000001ccef9f1300 DEOPT PACKING pc=0x000001cce2369b74 sp=0x00000072241f7b90
Event: 1.515 Thread 0x000001ccef9f1300 DEOPT UNPACKING pc=0x000001ccda8a20a3 sp=0x00000072241f7ab8 mode 2
Event: 1.518 Thread 0x000001ccef9f1300 Uncommon trap: trap_request=0xffffff45 fr.pc=0x000001cce23374a4 relative=0x0000000000000384
Event: 1.518 Thread 0x000001ccef9f1300 Uncommon trap: reason=unstable_if action=reinterpret pc=0x000001cce23374a4 method=java.lang.StringLatin1.canEncode(I)Z @ 4 c2
Event: 1.518 Thread 0x000001ccef9f1300 DEOPT PACKING pc=0x000001cce23374a4 sp=0x00000072241f8bb0
Event: 1.518 Thread 0x000001ccef9f1300 DEOPT UNPACKING pc=0x000001ccda8a20a3 sp=0x00000072241f8ad8 mode 2
Event: 1.518 Thread 0x000001ccef9f1300 Uncommon trap: trap_request=0xffffff45 fr.pc=0x000001cce237ff70 relative=0x0000000000000350
Event: 1.518 Thread 0x000001ccef9f1300 Uncommon trap: reason=unstable_if action=reinterpret pc=0x000001cce237ff70 method=java.lang.AbstractStringBuilder.append(C)Ljava/lang/AbstractStringBuilder; @ 14 c2
Event: 1.518 Thread 0x000001ccef9f1300 DEOPT PACKING pc=0x000001cce237ff70 sp=0x00000072241f8bc0
Event: 1.518 Thread 0x000001ccef9f1300 DEOPT UNPACKING pc=0x000001ccda8a20a3 sp=0x00000072241f8bb0 mode 2
Event: 1.523 Thread 0x000001ccef9f1300 Uncommon trap: trap_request=0xffffff45 fr.pc=0x000001cce2345148 relative=0x0000000000000048
Event: 1.523 Thread 0x000001ccef9f1300 Uncommon trap: reason=unstable_if action=reinterpret pc=0x000001cce2345148 method=java.lang.CharacterData.of(I)Ljava/lang/CharacterData; @ 4 c2
Event: 1.523 Thread 0x000001ccef9f1300 DEOPT PACKING pc=0x000001cce2345148 sp=0x00000072241f8380
Event: 1.523 Thread 0x000001ccef9f1300 DEOPT UNPACKING pc=0x000001ccda8a20a3 sp=0x00000072241f8318 mode 2
Event: 1.580 Thread 0x000001ccef9f1300 Uncommon trap: trap_request=0xffffff45 fr.pc=0x000001cce235a6d8 relative=0x0000000000000d98
Event: 1.580 Thread 0x000001ccef9f1300 Uncommon trap: reason=unstable_if action=reinterpret pc=0x000001cce235a6d8 method=lombok.patcher.PatchScript.classMatches(Ljava/lang/String;Ljava/util/Collection;)Z @ 25 c2
Event: 1.580 Thread 0x000001ccef9f1300 DEOPT PACKING pc=0x000001cce235a6d8 sp=0x00000072241f6ec0
Event: 1.580 Thread 0x000001ccef9f1300 DEOPT UNPACKING pc=0x000001ccda8a20a3 sp=0x00000072241f6e80 mode 2

Classes unloaded (0 events):
No events

Classes redefined (0 events):
No events

Internal exceptions (20 events):
Event: 0.826 Thread 0x000001ccd7bd6b50 Exception <a 'java/lang/NoSuchMethodError'{0x00000000eab35c30}: 'java.lang.Object java.lang.invoke.DirectMethodHandle$Holder.invokeInterface(java.lang.Object, java.lang.Object)'> (0x00000000eab35c30) 
thrown [s\src\hotspot\share\interpreter\linkResolver.cpp, line 759]
Event: 0.827 Thread 0x000001ccd7bd6b50 Exception <a 'java/lang/IncompatibleClassChangeError'{0x00000000eab39428}: Found class java.lang.Object, but interface was expected> (0x00000000eab39428) 
thrown [s\src\hotspot\share\interpreter\linkResolver.cpp, line 826]
Event: 0.827 Thread 0x000001ccd7bd6b50 Exception <a 'java/lang/NoSuchMethodError'{0x00000000eab3d920}: 'void java.lang.invoke.DirectMethodHandle$Holder.invokeStatic(java.lang.Object, java.lang.Object)'> (0x00000000eab3d920) 
thrown [s\src\hotspot\share\interpreter\linkResolver.cpp, line 759]
Event: 0.827 Thread 0x000001ccd7bd6b50 Exception <a 'java/lang/NoSuchMethodError'{0x00000000eab41120}: 'void java.lang.invoke.DirectMethodHandle$Holder.invokeStaticInit(java.lang.Object, java.lang.Object)'> (0x00000000eab41120) 
thrown [s\src\hotspot\share\interpreter\linkResolver.cpp, line 759]
Event: 0.828 Thread 0x000001ccd7bd6b50 Exception <a 'java/lang/NoSuchMethodError'{0x00000000eab485a8}: 'int java.lang.invoke.DirectMethodHandle$Holder.invokeStaticInit(java.lang.Object, java.lang.Object)'> (0x00000000eab485a8) 
thrown [s\src\hotspot\share\interpreter\linkResolver.cpp, line 759]
Event: 0.854 Thread 0x000001ccd7bd6b50 Exception <a 'java/lang/NoSuchMethodError'{0x00000000eacca578}: 'void java.lang.invoke.DirectMethodHandle$Holder.invokeSpecial(java.lang.Object, java.lang.Object, java.lang.Object)'> (0x00000000eacca578) 
thrown [s\src\hotspot\share\interpreter\linkResolver.cpp, line 759]
Event: 1.068 Thread 0x000001ccd7bd6b50 Exception <a 'java/lang/NoSuchMethodError'{0x00000000eb94e988}: 'java.lang.Object java.lang.invoke.DirectMethodHandle$Holder.newInvokeSpecial(java.lang.Object, int, java.lang.Object)'> (0x00000000eb94e988) 
thrown [s\src\hotspot\share\interpreter\linkResolver.cpp, line 759]
Event: 1.214 Thread 0x000001ccd7bd6b50 Exception <a 'java/lang/UnsatisfiedLinkError'{0x00000000ebf0de90}: 'void org.eclipse.equinox.launcher.JNIBridge._update_splash()'> (0x00000000ebf0de90) 
thrown [s\src\hotspot\share\prims\nativeLookup.cpp, line 543]
Event: 1.247 Thread 0x000001ccef9f1300 Exception <a 'java/lang/NoSuchMethodError'{0x00000000ec1aaf80}: 'java.lang.Object java.lang.invoke.DirectMethodHandle$Holder.invokeStaticInit(java.lang.Object)'> (0x00000000ec1aaf80) 
thrown [s\src\hotspot\share\interpreter\linkResolver.cpp, line 759]
Event: 1.390 Thread 0x000001ccef9f1300 Exception <a 'java/io/FileNotFoundException'{0x00000000eb48d698}> (0x00000000eb48d698) 
thrown [s\src\hotspot\share\prims\jni.cpp, line 516]
Event: 1.398 Thread 0x000001ccef9f1300 Exception <a 'java/lang/NullPointerException'{0x00000000eb4e38e8}> (0x00000000eb4e38e8) 
thrown [s\src\hotspot\share\interpreter\linkResolver.cpp, line 1350]
Event: 1.398 Thread 0x000001ccef9f1300 Exception <a 'java/lang/NullPointerException'{0x00000000eb4e4110}> (0x00000000eb4e4110) 
thrown [s\src\hotspot\share\interpreter\linkResolver.cpp, line 1350]
Event: 1.472 Thread 0x000001ccef9f1300 Exception <a 'java/lang/NoSuchMethodError'{0x00000000eb8e6cc0}: 'int java.lang.invoke.DirectMethodHandle$Holder.invokeSpecial(java.lang.Object, java.lang.Object, java.lang.Object)'> (0x00000000eb8e6cc0) 
thrown [s\src\hotspot\share\interpreter\linkResolver.cpp, line 759]
Event: 1.486 Thread 0x000001ccef9f1300 Exception <a 'java/lang/NoSuchMethodError'{0x00000000eb9edcd8}: 'java.lang.Object java.lang.invoke.Invokers$Holder.invokeExact_MT(java.lang.Object, java.lang.Object, java.lang.Object, java.lang.Object, java.lang.Object, java.lang.Object)'> (0x00000000eb9edcd8) 
thrown [s\src\hotspot\share\interpreter\linkResolver.cpp, line 759]
Event: 1.543 Thread 0x000001ccef9f1300 Exception <a 'java/lang/NoSuchMethodError'{0x00000000ebe42b88}: 'void java.lang.invoke.DirectMethodHandle$Holder.invokeInterface(java.lang.Object, java.lang.Object, java.lang.Object)'> (0x00000000ebe42b88) 
thrown [s\src\hotspot\share\interpreter\linkResolver.cpp, line 759]
Event: 1.588 Thread 0x000001ccef9f1300 Exception <a 'java/lang/NoSuchMethodError'{0x00000000ec22de40}: 'java.lang.Object java.lang.invoke.DirectMethodHandle$Holder.invokeStatic(java.lang.Object, java.lang.Object, int)'> (0x00000000ec22de40) 
thrown [s\src\hotspot\share\interpreter\linkResolver.cpp, line 759]
Event: 1.589 Thread 0x000001ccef9f1300 Exception <a 'java/lang/NoSuchMethodError'{0x00000000ec232c48}: 'void java.lang.invoke.DirectMethodHandle$Holder.invokeStatic(java.lang.Object, java.lang.Object, int, java.lang.Object)'> (0x00000000ec232c48) 
thrown [s\src\hotspot\share\interpreter\linkResolver.cpp, line 759]
Event: 1.590 Thread 0x000001ccef9f1300 Exception <a 'java/lang/NoSuchMethodError'{0x00000000ec23a378}: 'void java.lang.invoke.DelegatingMethodHandle$Holder.delegate(java.lang.Object, java.lang.Object, int, java.lang.Object)'> (0x00000000ec23a378) 
thrown [s\src\hotspot\share\interpreter\linkResolver.cpp, line 759]
Event: 1.591 Thread 0x000001ccef9f1300 Exception <a 'java/lang/NoSuchMethodError'{0x00000000ec24bd30}: 'int java.lang.invoke.DirectMethodHandle$Holder.invokeStatic(java.lang.Object, java.lang.Object, int)'> (0x00000000ec24bd30) 
thrown [s\src\hotspot\share\interpreter\linkResolver.cpp, line 759]
Event: 1.591 Thread 0x000001ccef9f1300 Exception <a 'java/lang/NoSuchMethodError'{0x00000000ec24fd58}: 'int java.lang.invoke.DirectMethodHandle$Holder.invokeSpecial(java.lang.Object, java.lang.Object, java.lang.Object, int)'> (0x00000000ec24fd58) 
thrown [s\src\hotspot\share\interpreter\linkResolver.cpp, line 759]

VM Operations (20 events):
Event: 0.813 Executing VM operation: ParallelGCFailedAllocation
Event: 0.819 Executing VM operation: ParallelGCFailedAllocation done
Event: 1.049 Executing VM operation: HandshakeAllThreads
Event: 1.049 Executing VM operation: HandshakeAllThreads done
Event: 1.050 Executing VM operation: HandshakeAllThreads
Event: 1.050 Executing VM operation: HandshakeAllThreads done
Event: 1.055 Executing VM operation: HandshakeAllThreads
Event: 1.055 Executing VM operation: HandshakeAllThreads done
Event: 1.260 Executing VM operation: HandshakeAllThreads
Event: 1.260 Executing VM operation: HandshakeAllThreads done
Event: 1.289 Executing VM operation: ParallelGCFailedAllocation
Event: 1.293 Executing VM operation: ParallelGCFailedAllocation done
Event: 1.483 Executing VM operation: HandshakeAllThreads
Event: 1.483 Executing VM operation: HandshakeAllThreads done
Event: 1.485 Executing VM operation: HandshakeAllThreads
Event: 1.485 Executing VM operation: HandshakeAllThreads done
Event: 1.524 Executing VM operation: HandshakeAllThreads
Event: 1.524 Executing VM operation: HandshakeAllThreads done
Event: 1.588 Executing VM operation: HandshakeAllThreads
Event: 1.588 Executing VM operation: HandshakeAllThreads done

Events (20 events):
Event: 1.587 loading class java/lang/invoke/MethodHandleImpl$LoopClauses
Event: 1.587 loading class java/lang/invoke/MethodHandleImpl$LoopClauses done
Event: 1.587 loading class java/lang/invoke/MethodHandleImpl$ArrayAccess
Event: 1.587 loading class java/lang/invoke/MethodHandleImpl$ArrayAccess done
Event: 1.587 loading class java/lang/invoke/MethodHandleImpl$2
Event: 1.587 loading class java/lang/invoke/MethodHandleImpl$2 done
Event: 1.587 loading class java/lang/invoke/MethodHandleImpl$ArrayAccessor
Event: 1.588 loading class java/lang/invoke/MethodHandleImpl$ArrayAccessor done
Event: 1.588 loading class java/lang/invoke/MethodHandleImpl$ArrayAccessor$1
Event: 1.588 loading class java/lang/invoke/MethodHandleImpl$ArrayAccessor$1 done
Event: 1.588 loading class java/lang/ClassValue$ClassValueMap
Event: 1.588 loading class java/lang/ClassValue$ClassValueMap done
Event: 1.590 loading class sun/invoke/util/ValueConversions$WrapperCache
Event: 1.590 loading class sun/invoke/util/ValueConversions$WrapperCache done
Event: 1.590 loading class sun/invoke/util/ValueConversions$1
Event: 1.591 loading class sun/invoke/util/ValueConversions$1 done
Event: 1.592 loading class java/lang/invoke/BoundMethodHandle$Species_LI
Event: 1.592 loading class java/lang/invoke/BoundMethodHandle$Species_LI done
Event: 1.592 loading class java/lang/invoke/ClassSpecializer$Factory$1Var
Event: 1.592 loading class java/lang/invoke/ClassSpecializer$Factory$1Var done


Dynamic libraries:
0x00007ff796480000 - 0x00007ff79648e000 	c:\Users\Etudiant\.vscode\extensions\redhat.java-1.14.0-win32-x64\jre\17.0.5-win32-x86_64\bin\java.exe
0x00007ff92aa70000 - 0x00007ff92ac5d000 	C:\Windows\SYSTEM32\ntdll.dll
0x00007ff8ed000000 - 0x00007ff8ed017000 	C:\Program Files\Avast Software\Avast\aswhook.dll
0x00007ff928280000 - 0x00007ff928333000 	C:\Windows\System32\KERNEL32.DLL
0x00007ff926e60000 - 0x00007ff9270f4000 	C:\Windows\System32\KERNELBASE.dll
0x00007ff927270000 - 0x00007ff92736a000 	C:\Windows\System32\ucrtbase.dll
0x00007ff9176e0000 - 0x00007ff9176f7000 	c:\Users\Etudiant\.vscode\extensions\redhat.java-1.14.0-win32-x64\jre\17.0.5-win32-x86_64\bin\jli.dll
0x00007ff9280e0000 - 0x00007ff928277000 	C:\Windows\System32\USER32.dll
0x00007ff9271a0000 - 0x00007ff9271c0000 	C:\Windows\System32\win32u.dll
0x00007ff927d40000 - 0x00007ff927d69000 	C:\Windows\System32\GDI32.dll
0x00007ff927370000 - 0x00007ff92750b000 	C:\Windows\System32\gdi32full.dll
0x00007ff927100000 - 0x00007ff9271a0000 	C:\Windows\System32\msvcp_win.dll
0x00007ff910f20000 - 0x00007ff910f39000 	c:\Users\Etudiant\.vscode\extensions\redhat.java-1.14.0-win32-x64\jre\17.0.5-win32-x86_64\bin\VCRUNTIME140.dll
0x00007ff8fce10000 - 0x00007ff8fd089000 	C:\Windows\WinSxS\amd64_microsoft.windows.common-controls_6595b64144ccf1df_6.0.17763.1397_none_de7645305346d5dc\COMCTL32.dll
0x00007ff928ac0000 - 0x00007ff928b5e000 	C:\Windows\System32\msvcrt.dll
0x00007ff928730000 - 0x00007ff928a5c000 	C:\Windows\System32\combase.dll
0x00007ff928400000 - 0x00007ff928522000 	C:\Windows\System32\RPCRT4.dll
0x00007ff926d80000 - 0x00007ff926dfe000 	C:\Windows\System32\bcryptPrimitives.dll
0x00007ff9283c0000 - 0x00007ff9283ee000 	C:\Windows\System32\IMM32.DLL
0x00007ff91ae30000 - 0x00007ff91ae3c000 	c:\Users\Etudiant\.vscode\extensions\redhat.java-1.14.0-win32-x64\jre\17.0.5-win32-x86_64\bin\vcruntime140_1.dll
0x00007ff8bca20000 - 0x00007ff8bcab1000 	c:\Users\Etudiant\.vscode\extensions\redhat.java-1.14.0-win32-x64\jre\17.0.5-win32-x86_64\bin\msvcp140.dll
0x00007ff8ade40000 - 0x00007ff8aea84000 	c:\Users\Etudiant\.vscode\extensions\redhat.java-1.14.0-win32-x64\jre\17.0.5-win32-x86_64\bin\server\jvm.dll
0x00007ff92a990000 - 0x00007ff92aa33000 	C:\Windows\System32\ADVAPI32.dll
0x00007ff927ca0000 - 0x00007ff927d3e000 	C:\Windows\System32\sechost.dll
0x00007ff916f10000 - 0x00007ff916f19000 	C:\Windows\SYSTEM32\WSOCK32.dll
0x00007ff928600000 - 0x00007ff92866d000 	C:\Windows\System32\WS2_32.dll
0x00007ff924880000 - 0x00007ff9248a4000 	C:\Windows\SYSTEM32\WINMM.dll
0x00007ff91d210000 - 0x00007ff91d21a000 	C:\Windows\SYSTEM32\VERSION.dll
0x00007ff924850000 - 0x00007ff92487d000 	C:\Windows\SYSTEM32\WINMMBASE.dll
0x00007ff926d00000 - 0x00007ff926d4a000 	C:\Windows\System32\cfgmgr32.dll
0x00007ff926a50000 - 0x00007ff926a61000 	C:\Windows\System32\kernel.appcore.dll
0x00007ff91a030000 - 0x00007ff91a03a000 	c:\Users\Etudiant\.vscode\extensions\redhat.java-1.14.0-win32-x64\jre\17.0.5-win32-x86_64\bin\jimage.dll
0x00007ff9253b0000 - 0x00007ff92559d000 	C:\Windows\SYSTEM32\DBGHELP.DLL
0x00007ff91abc0000 - 0x00007ff91abea000 	C:\Windows\SYSTEM32\dbgcore.DLL
0x00007ff918ce0000 - 0x00007ff918cee000 	c:\Users\Etudiant\.vscode\extensions\redhat.java-1.14.0-win32-x64\jre\17.0.5-win32-x86_64\bin\instrument.dll
0x00007ff90c2f0000 - 0x00007ff90c315000 	c:\Users\Etudiant\.vscode\extensions\redhat.java-1.14.0-win32-x64\jre\17.0.5-win32-x86_64\bin\java.dll
0x00007ff90d5f0000 - 0x00007ff90d608000 	c:\Users\Etudiant\.vscode\extensions\redhat.java-1.14.0-win32-x64\jre\17.0.5-win32-x86_64\bin\zip.dll
0x00007ff9293b0000 - 0x00007ff92a8a8000 	C:\Windows\System32\SHELL32.dll
0x00007ff928680000 - 0x00007ff928729000 	C:\Windows\System32\shcore.dll
0x00007ff927530000 - 0x00007ff927c83000 	C:\Windows\System32\windows.storage.dll
0x00007ff926a70000 - 0x00007ff926a94000 	C:\Windows\System32\profapi.dll
0x00007ff926ac0000 - 0x00007ff926b1d000 	C:\Windows\System32\powrprof.dll
0x00007ff927d70000 - 0x00007ff927dc2000 	C:\Windows\System32\shlwapi.dll
0x00007ff927510000 - 0x00007ff927527000 	C:\Windows\System32\cryptsp.dll
0x00007ff90bed0000 - 0x00007ff90bee9000 	C:\Users\Etudiant\.vscode\extensions\redhat.java-1.14.0-win32-x64\jre\17.0.5-win32-x86_64\bin\net.dll
0x00007ff922320000 - 0x00007ff922412000 	C:\Windows\SYSTEM32\WINHTTP.dll
0x00007ff9262b0000 - 0x00007ff926317000 	C:\Windows\system32\mswsock.dll
0x00007ff90beb0000 - 0x00007ff90bec5000 	C:\Users\Etudiant\.vscode\extensions\redhat.java-1.14.0-win32-x64\jre\17.0.5-win32-x86_64\bin\nio.dll
0x00007ff918c70000 - 0x00007ff918c80000 	c:\Users\Etudiant\.vscode\extensions\redhat.java-1.14.0-win32-x64\jre\17.0.5-win32-x86_64\bin\verify.dll
0x00007ff8ff830000 - 0x00007ff8ff86e000 	C:\Users\Etudiant\AppData\Roaming\Code\User\globalStorage\redhat.java\1.14.0\config_win\org.eclipse.equinox.launcher\org.eclipse.equinox.launcher.win32.win32.x86_64_1.2.700.v20221108-1024\eclipse_11801.dll
0x00007ff927f20000 - 0x00007ff928075000 	C:\Windows\System32\ole32.dll

dbghelp: loaded successfully - version: 4.0.5 - missing functions: none
symbol engine: initialized successfully - sym options: 0x614 - pdb path: .;c:\Users\Etudiant\.vscode\extensions\redhat.java-1.14.0-win32-x64\jre\17.0.5-win32-x86_64\bin;C:\Windows\SYSTEM32;C:\Program Files\Avast Software\Avast;C:\Windows\WinSxS\amd64_microsoft.windows.common-controls_6595b64144ccf1df_6.0.17763.1397_none_de7645305346d5dc;c:\Users\Etudiant\.vscode\extensions\redhat.java-1.14.0-win32-x64\jre\17.0.5-win32-x86_64\bin\server;C:\Users\Etudiant\AppData\Roaming\Code\User\globalStorage\redhat.java\1.14.0\config_win\org.eclipse.equinox.launcher\org.eclipse.equinox.launcher.win32.win32.x86_64_1.2.700.v20221108-1024

VM Arguments:
jvm_args: --add-modules=ALL-SYSTEM --add-opens=java.base/java.util=ALL-UNNAMED --add-opens=java.base/java.lang=ALL-UNNAMED --add-opens=java.base/sun.nio.fs=ALL-UNNAMED -Declipse.application=org.eclipse.jdt.ls.core.id1 -Dosgi.bundles.defaultStartLevel=4 -Declipse.product=org.eclipse.jdt.ls.core.product -Djava.import.generatesMetadataFilesAtProjectRoot=false -Dfile.encoding=utf8 -XX:+UseParallelGC -XX:GCTimeRatio=4 -XX:AdaptiveSizePolicyWeight=90 -Dsun.zip.disableMemoryMapping=true -Xmx1G -Xms100m -Xlog:disable -javaagent:c:\Users\Etudiant\.vscode\extensions\redhat.java-1.14.0-win32-x64\lombok\lombok-1.18.24.jar -XX:+HeapDumpOnOutOfMemoryError -XX:HeapDumpPath=c:\Users\Etudiant\AppData\Roaming\Code\User\workspaceStorage\3b64a8559da0981170425ea01904569c\redhat.java 
java_command: c:\Users\Etudiant\.vscode\extensions\redhat.java-1.14.0-win32-x64\server\plugins\org.eclipse.equinox.launcher_1.6.400.v20210924-0641.jar -configuration c:\Users\Etudiant\AppData\Roaming\Code\User\globalStorage\redhat.java\1.14.0\config_win -data c:\Users\Etudiant\AppData\Roaming\Code\User\workspaceStorage\3b64a8559da0981170425ea01904569c\redhat.java\jdt_ws
java_class_path (initial): c:\Users\Etudiant\.vscode\extensions\redhat.java-1.14.0-win32-x64\server\plugins\org.eclipse.equinox.launcher_1.6.400.v20210924-0641.jar
Launcher Type: SUN_STANDARD

[Global flags]
    uintx AdaptiveSizePolicyWeight                 = 90                                        {product} {command line}
     intx CICompilerCount                          = 4                                         {product} {ergonomic}
    uintx GCTimeRatio                              = 4                                         {product} {command line}
     bool HeapDumpOnOutOfMemoryError               = true                                   {manageable} {command line}
    ccstr HeapDumpPath                             = c:\Users\Etudiant\AppData\Roaming\Code\User\workspaceStorage\3b64a8559da0981170425ea01904569c\redhat.java         {manageable} {command line}
   size_t InitialHeapSize                          = 104857600                                 {product} {command line}
   size_t MaxHeapSize                              = 1073741824                                {product} {command line}
   size_t MaxNewSize                               = 357564416                                 {product} {ergonomic}
   size_t MinHeapDeltaBytes                        = 524288                                    {product} {ergonomic}
   size_t MinHeapSize                              = 104857600                                 {product} {command line}
   size_t NewSize                                  = 34603008                                  {product} {ergonomic}
    uintx NonNMethodCodeHeapSize                   = 5839372                                {pd product} {ergonomic}
    uintx NonProfiledCodeHeapSize                  = 122909434                              {pd product} {ergonomic}
   size_t OldSize                                  = 70254592                                  {product} {ergonomic}
    uintx ProfiledCodeHeapSize                     = 122909434                              {pd product} {ergonomic}
    uintx ReservedCodeCacheSize                    = 251658240                              {pd product} {ergonomic}
     bool SegmentedCodeCache                       = true                                      {product} {ergonomic}
   size_t SoftMaxHeapSize                          = 1073741824                             {manageable} {ergonomic}
     bool UseCompressedClassPointers               = true                           {product lp64_product} {ergonomic}
     bool UseCompressedOops                        = true                           {product lp64_product} {ergonomic}
     bool UseLargePagesIndividualAllocation        = false                                  {pd product} {ergonomic}
     bool UseParallelGC                            = true                                      {product} {command line}

Logging:
Log output configuration:
 #0: stdout all=off uptime,level,tags
 #1: stderr all=off uptime,level,tags

Environment Variables:
JAVA_HOME=C:\Program Files\Java\jdk1.8.0_251
PATH=C:\Python310\Scripts\;C:\Python310\;C:\Program Files\Eclipse Adoptium\jdk-17.0.2.8-hotspot\bin;C:\Program Files\Python38\Scripts\;C:\Program Files\Python38\;C:\Program Files (x86)\Common Files\Oracle\Java\javapath;C:\Windows\system32;C:\Windows;C:\Windows\System32\Wbem;C:\Windows\System32\WindowsPowerShell\v1.0\;C:\Windows\System32\OpenSSH\;C:\apache-ant-1.10.7\bin;C:\apache-maven-3.6.2\bin;C:\Program Files (x86)\Graphviz2.38\bin;C:\gradle-5.6.2\bin;C:\Program Files\TortoiseGit\bin;C:\Program Files\TortoiseSVN\bin;C:\Program Files\Microsoft SQL Server\Client SDK\ODBC\170\Tools\Binn\;C:\Program Files (x86)\Microsoft SQL Server\150\Tools\Binn\;C:\Program Files\Microsoft SQL Server\150\Tools\Binn\;C:\Program Files\Microsoft SQL Server\150\DTS\Binn\;C:\Program Files\dotnet\;C:\Program Files\Microsoft SQL Server\130\Tools\Binn\;C:\GNUCobol3.1\bin;C:\Program Files (x86)\Intel\Intel(R) Management Engine Components\DAL;C:\Program Files\Intel\Intel(R) Management Engine Components\DAL;C:\Program Files\Java\jdk1.8.0_251\bin;C:\Program Files\Git\cmd;C:\Program Files\nodejs\;C:\ProgramData\chocolatey\bin;C:\Program Files\PuTTY\;C:\Ruby30-x64\bin;C:\Users\Etudiant\AppData\Local\Microsoft\WindowsApps;C:\Users\Etudiant\AppData\Local\Programs\Microsoft VS Code\bin;C:\Program Files\JetBrains\PhpStorm 2019.2\bin;;C:\Program Files\JetBrains\IntelliJ IDEA Community Edition 2019.2.4\bin;;C:\Program Files\JetBrains\IntelliJ IDEA Educational Edition 2020.1.2\bin;;C:\Users\Etudiant\.dotnet\tools;C:\Users\Etudiant\AppData\Local\GitHubDesktop\bin;C:\Program Files\Java\jre1.8.0_311\bin;C:\Users\Etudiant\AppData\Roaming\npm
USERNAME=Etudiant
OS=Windows_NT
PROCESSOR_IDENTIFIER=Intel64 Family 6 Model 142 Stepping 12, GenuineIntel
TMP=C:\Users\Etudiant\AppData\Local\Temp
TEMP=C:\Users\Etudiant\AppData\Local\Temp



---------------  S Y S T E M  ---------------

OS:
 Windows 10 , 64 bit Build 17763 (10.0.17763.1339)
OS uptime: 11 days 12:39 hours

CPU: total 8 (initial active 8) (4 cores per cpu, 2 threads per core) family 6 model 142 stepping 12 microcode 0xd6, cx8, cmov, fxsr, ht, mmx, 3dnowpref, sse, sse2, sse3, ssse3, sse4.1, sse4.2, popcnt, lzcnt, tsc, tscinvbit, avx, avx2, aes, erms, clmul, bmi1, bmi2, adx, fma, vzeroupper, clflush, clflushopt

Memory: 4k page, system-wide physical 15980M (6683M free)
TotalPageFile size 15980M (AvailPageFile size 5279M)
current process WorkingSet (physical memory assigned to process): 115M, peak: 115M
current process commit charge ("private bytes"): 223M, peak: 223M

vm_info: OpenJDK 64-Bit Server VM (17.0.5+8) for windows-amd64 JRE (17.0.5+8), built on Oct 19 2022 04:48:13 by "temurin" with MS VC++ 16.7 (VS2019)

END.
